#
# There is insufficient memory for the Java Runtime Environment to continue.
# Native memory allocation (mmap) failed to map 65536 bytes. Error detail: Failed to commit metaspace.
# Possible reasons:
#   The system is out of physical RAM or swap space
#   This process is running with CompressedOops enabled, and the Java Heap may be blocking the growth of the native heap
# Possible solutions:
#   Reduce memory load on the system
#   Increase physical memory or swap space
#   Check if swap backing store is full
#   Decrease Java heap size (-Xmx/-Xms)
#   Decrease number of Java threads
#   Decrease Java thread stack sizes (-Xss)
#   Set larger code cache with -XX:ReservedCodeCacheSize=
#   JVM is running with Zero Based Compressed Oops mode in which the Java heap is
#     placed in the first 32GB address space. The Java Heap base address is the
#     maximum limit for the native heap growth. Please use -XX:HeapBaseMinAddress
#     to set the Java Heap base and to place the Java Heap above 32GB virtual address.
# This output file may be truncated or incomplete.
#
#  Out of Memory Error (virtualSpaceNode.cpp:110), pid=17080, tid=12972
#
# JRE version: OpenJDK Runtime Environment Microsoft-11926163 (17.0.16+8) (build 17.0.16+8-LTS)
# Java VM: OpenJDK 64-Bit Server VM Microsoft-11926163 (17.0.16+8-LTS, mixed mode, sharing, tiered, compressed oops, compressed class ptrs, g1 gc, windows-amd64)
# No core dump will be written. Minidumps are not enabled by default on client versions of Windows
#

---------------  S U M M A R Y ------------

Command Line: org.jetbrains.kotlin.cli.jvm.K2JVMCompiler @C:\Users\Admin\Desktop\app\first\node_modules\react-native-safe-area-context\android\build\20250925_3364512500450051319.compiler.options

Host: Intel(R) Core(TM) i5-6300U CPU @ 2.40GHz, 4 cores, 15G,  Windows 10 , 64 bit Build 19041 (10.0.19041.5915)
Time: Thu Sep 25 18:10:17 2025 India Standard Time elapsed time: 6.481157 seconds (0d 0h 0m 6s)

---------------  T H R E A D  ---------------

Current thread (0x000002c468330c50):  JavaThread "main" [_thread_in_vm, id=12972, stack(0x000000eac3d00000,0x000000eac3e00000)]

Stack: [0x000000eac3d00000,0x000000eac3e00000]
Native frames: (J=compiled Java code, j=interpreted, Vv=VM code, C=native code)
V  [jvm.dll+0x68ee19]
V  [jvm.dll+0x846249]
V  [jvm.dll+0x847fb8]
V  [jvm.dll+0x848643]
V  [jvm.dll+0x24cf6f]
V  [jvm.dll+0x842027]
V  [jvm.dll+0x6332bb]
V  [jvm.dll+0x1c4c0d]
V  [jvm.dll+0x635c42]
V  [jvm.dll+0x633c76]
V  [jvm.dll+0x241841]
V  [jvm.dll+0x1ee855]
V  [jvm.dll+0x1eecb5]
V  [jvm.dll+0x1ef65c]
V  [jvm.dll+0x1e4f61]
V  [jvm.dll+0x5520a9]
V  [jvm.dll+0x7bfeab]
V  [jvm.dll+0x7bffa4]
V  [jvm.dll+0x41dd84]
V  [jvm.dll+0x4248b9]
C  [java.dll+0x1818]

Java frames: (J=compiled Java code, j=interpreted, Vv=VM code)
J 264  java.lang.ClassLoader.defineClass1(Ljava/lang/ClassLoader;Ljava/lang/String;[BIILjava/security/ProtectionDomain;Ljava/lang/String;)Ljava/lang/Class; java.base@17.0.16 (0 bytes) @ 0x000002c477976403 [0x000002c477976340+0x00000000000000c3]
J 682 c1 java.lang.ClassLoader.defineClass(Ljava/lang/String;[BIILjava/security/ProtectionDomain;)Ljava/lang/Class; java.base@17.0.16 (43 bytes) @ 0x000002c46ffb01d4 [0x000002c46ffafe80+0x0000000000000354]
J 668 c1 java.security.SecureClassLoader.defineClass(Ljava/lang/String;[BIILjava/security/CodeSource;)Ljava/lang/Class; java.base@17.0.16 (16 bytes) @ 0x000002c46ffaa88c [0x000002c46ffaa7c0+0x00000000000000cc]
J 614 c1 jdk.internal.loader.BuiltinClassLoader.defineClass(Ljava/lang/String;Ljdk/internal/loader/Resource;)Ljava/lang/Class; java.base@17.0.16 (121 bytes) @ 0x000002c46ff90ccc [0x000002c46ff8fac0+0x000000000000120c]
J 555 c1 jdk.internal.loader.BuiltinClassLoader.findClassOnClassPathOrNull(Ljava/lang/String;)Ljava/lang/Class; java.base@17.0.16 (64 bytes) @ 0x000002c46ff6b6ac [0x000002c46ff6a600+0x00000000000010ac]
J 220 c1 jdk.internal.loader.BuiltinClassLoader.loadClassOrNull(Ljava/lang/String;Z)Ljava/lang/Class; java.base@17.0.16 (143 bytes) @ 0x000002c46fed2acc [0x000002c46fed1be0+0x0000000000000eec]
J 529 c1 jdk.internal.loader.ClassLoaders$AppClassLoader.loadClass(Ljava/lang/String;Z)Ljava/lang/Class; java.base@17.0.16 (40 bytes) @ 0x000002c46ff59aec [0x000002c46ff594e0+0x000000000000060c]
J 528 c1 java.lang.ClassLoader.loadClass(Ljava/lang/String;)Ljava/lang/Class; java.base@17.0.16 (7 bytes) @ 0x000002c46ff5914c [0x000002c46ff59040+0x000000000000010c]
v  ~StubRoutines::call_stub
j  org.jetbrains.kotlin.parsing.KotlinCommonParserDefinition.getFileNodeType()Lorg/jetbrains/kotlin/com/intellij/psi/tree/IFileElementType;+0
j  org.jetbrains.kotlin.com.intellij.core.CoreApplicationEnvironment.registerParserDefinition(Lorg/jetbrains/kotlin/com/intellij/lang/ParserDefinition;)V+14
j  org.jetbrains.kotlin.cli.jvm.compiler.KotlinCoreEnvironment$Companion.registerApplicationServices(Lorg/jetbrains/kotlin/cli/jvm/compiler/KotlinCoreApplicationEnvironment;)V+48
j  org.jetbrains.kotlin.cli.jvm.compiler.KotlinCoreEnvironment$Companion.createApplicationEnvironment(Lorg/jetbrains/kotlin/com/intellij/openapi/Disposable;Lorg/jetbrains/kotlin/config/CompilerConfiguration;Lorg/jetbrains/kotlin/cli/jvm/compiler/KotlinCoreApplicationEnvironmentMode;)Lorg/jetbrains/kotlin/cli/jvm/compiler/KotlinCoreApplicationEnvironment;+27
j  org.jetbrains.kotlin.cli.jvm.compiler.KotlinCoreEnvironment$Companion.getOrCreateApplicationEnvironment(Lorg/jetbrains/kotlin/com/intellij/openapi/Disposable;Lorg/jetbrains/kotlin/config/CompilerConfiguration;Lorg/jetbrains/kotlin/cli/jvm/compiler/KotlinCoreApplicationEnvironmentMode;)Lorg/jetbrains/kotlin/cli/jvm/compiler/KotlinCoreApplicationEnvironment;+66
j  org.jetbrains.kotlin.cli.jvm.compiler.KotlinCoreEnvironment$Companion.getOrCreateApplicationEnvironmentForProduction(Lorg/jetbrains/kotlin/com/intellij/openapi/Disposable;Lorg/jetbrains/kotlin/config/CompilerConfiguration;)Lorg/jetbrains/kotlin/cli/jvm/compiler/KotlinCoreApplicationEnvironment;+23
j  org.jetbrains.kotlin.cli.jvm.compiler.legacy.pipeline.JvmCompilerPipelineKt.createProjectEnvironment(Lorg/jetbrains/kotlin/config/CompilerConfiguration;Lorg/jetbrains/kotlin/com/intellij/openapi/Disposable;Lorg/jetbrains/kotlin/cli/jvm/compiler/EnvironmentConfigFiles;Lorg/jetbrains/kotlin/cli/common/messages/MessageCollector;)Lorg/jetbrains/kotlin/cli/jvm/compiler/VfsBasedProjectEnvironment;+35
j  org.jetbrains.kotlin.cli.pipeline.jvm.JvmFrontendPipelinePhase.createEnvironmentAndSources(Lorg/jetbrains/kotlin/config/CompilerConfiguration;Lorg/jetbrains/kotlin/com/intellij/openapi/Disposable;Ljava/lang/String;)Lorg/jetbrains/kotlin/cli/pipeline/jvm/JvmFrontendPipelinePhase$EnvironmentAndSources;+25
j  org.jetbrains.kotlin.cli.pipeline.jvm.JvmFrontendPipelinePhase.executePhase(Lorg/jetbrains/kotlin/cli/pipeline/ConfigurationPipelineArtifact;)Lorg/jetbrains/kotlin/cli/pipeline/jvm/JvmFrontendPipelineArtifact;+63
j  org.jetbrains.kotlin.cli.pipeline.jvm.JvmFrontendPipelinePhase.executePhase(Lorg/jetbrains/kotlin/cli/pipeline/PipelineArtifact;)Lorg/jetbrains/kotlin/cli/pipeline/PipelineArtifact;+5
j  org.jetbrains.kotlin.cli.pipeline.PipelinePhase.phaseBody(Lorg/jetbrains/kotlin/cli/pipeline/PipelineContext;Lorg/jetbrains/kotlin/cli/pipeline/PipelineArtifact;)Lorg/jetbrains/kotlin/cli/pipeline/PipelineArtifact;+14
j  org.jetbrains.kotlin.cli.pipeline.PipelinePhase.phaseBody(Lorg/jetbrains/kotlin/config/LoggingContext;Ljava/lang/Object;)Ljava/lang/Object;+9
j  org.jetbrains.kotlin.config.phaser.SimpleNamedCompilerPhase.phaseBody(Lorg/jetbrains/kotlin/config/phaser/PhaseConfig;Lorg/jetbrains/kotlin/config/phaser/PhaserState;Lorg/jetbrains/kotlin/config/LoggingContext;Ljava/lang/Object;)Ljava/lang/Object;+22
j  org.jetbrains.kotlin.config.phaser.NamedCompilerPhase.invoke(Lorg/jetbrains/kotlin/config/phaser/PhaseConfig;Lorg/jetbrains/kotlin/config/phaser/PhaserState;Lorg/jetbrains/kotlin/config/LoggingContext;Ljava/lang/Object;)Ljava/lang/Object;+306
j  org.jetbrains.kotlin.backend.common.phaser.CompositePhase.invoke(Lorg/jetbrains/kotlin/config/phaser/PhaseConfig;Lorg/jetbrains/kotlin/config/phaser/PhaserState;Lorg/jetbrains/kotlin/config/LoggingContext;Ljava/lang/Object;)Ljava/lang/Object;+161
j  org.jetbrains.kotlin.config.phaser.CompilerPhaseKt.invokeToplevel(Lorg/jetbrains/kotlin/config/phaser/CompilerPhase;Lorg/jetbrains/kotlin/config/phaser/PhaseConfig;Lorg/jetbrains/kotlin/config/LoggingContext;Ljava/lang/Object;)Ljava/lang/Object;+36
j  org.jetbrains.kotlin.cli.pipeline.AbstractCliPipeline.runPhasedPipeline(Lorg/jetbrains/kotlin/cli/pipeline/ArgumentsPipelineArtifact;)Lorg/jetbrains/kotlin/cli/common/ExitCode;+80
j  org.jetbrains.kotlin.cli.pipeline.AbstractCliPipeline.execute(Lorg/jetbrains/kotlin/cli/common/arguments/CommonCompilerArguments;Lorg/jetbrains/kotlin/config/Services;Lorg/jetbrains/kotlin/cli/common/messages/MessageCollector;)Lorg/jetbrains/kotlin/cli/common/ExitCode;+150
j  org.jetbrains.kotlin.cli.jvm.K2JVMCompiler.doExecutePhased(Lorg/jetbrains/kotlin/cli/common/arguments/K2JVMCompilerArguments;Lorg/jetbrains/kotlin/config/Services;Lorg/jetbrains/kotlin/cli/common/messages/MessageCollector;)Lorg/jetbrains/kotlin/cli/common/ExitCode;+35
j  org.jetbrains.kotlin.cli.jvm.K2JVMCompiler.doExecutePhased(Lorg/jetbrains/kotlin/cli/common/arguments/CommonCompilerArguments;Lorg/jetbrains/kotlin/config/Services;Lorg/jetbrains/kotlin/cli/common/messages/MessageCollector;)Lorg/jetbrains/kotlin/cli/common/ExitCode;+7
j  org.jetbrains.kotlin.cli.common.CLICompiler.execImpl(Lorg/jetbrains/kotlin/cli/common/messages/MessageCollector;Lorg/jetbrains/kotlin/config/Services;Lorg/jetbrains/kotlin/cli/common/arguments/CommonCompilerArguments;)Lorg/jetbrains/kotlin/cli/common/ExitCode;+13
j  org.jetbrains.kotlin.cli.common.CLICompiler.exec(Lorg/jetbrains/kotlin/cli/common/messages/MessageCollector;Lorg/jetbrains/kotlin/config/Services;Lorg/jetbrains/kotlin/cli/common/arguments/CommonCompilerArguments;)Lorg/jetbrains/kotlin/cli/common/ExitCode;+88
j  org.jetbrains.kotlin.cli.common.CLICompiler.exec(Ljava/io/PrintStream;Lorg/jetbrains/kotlin/config/Services;Lorg/jetbrains/kotlin/cli/common/messages/MessageRenderer;[Ljava/lang/String;)Lorg/jetbrains/kotlin/cli/common/ExitCode;+259
j  org.jetbrains.kotlin.cli.common.CLICompiler.exec(Ljava/io/PrintStream;Lorg/jetbrains/kotlin/cli/common/messages/MessageRenderer;[Ljava/lang/String;)Lorg/jetbrains/kotlin/cli/common/ExitCode;+26
j  org.jetbrains.kotlin.cli.common.CLICompiler$Companion.doMainNoExit(Lorg/jetbrains/kotlin/cli/common/CLICompiler;[Ljava/lang/String;Lorg/jetbrains/kotlin/cli/common/messages/MessageRenderer;)Lorg/jetbrains/kotlin/cli/common/ExitCode;+39
j  org.jetbrains.kotlin.cli.common.CLICompiler$Companion.doMainNoExit$default(Lorg/jetbrains/kotlin/cli/common/CLICompiler$Companion;Lorg/jetbrains/kotlin/cli/common/CLICompiler;[Ljava/lang/String;Lorg/jetbrains/kotlin/cli/common/messages/MessageRenderer;ILjava/lang/Object;)Lorg/jetbrains/kotlin/cli/common/ExitCode;+16
j  org.jetbrains.kotlin.cli.common.CLICompiler$Companion.doMain(Lorg/jetbrains/kotlin/cli/common/CLICompiler;[Ljava/lang/String;)V+54
j  org.jetbrains.kotlin.cli.jvm.K2JVMCompiler$Companion.main([Ljava/lang/String;)V+20
j  org.jetbrains.kotlin.cli.jvm.K2JVMCompiler.main([Ljava/lang/String;)V+4
v  ~StubRoutines::call_stub

Compiled method (n/a)    6558  264     n 0       java.lang.ClassLoader::defineClass1 (native)
 total in heap  [0x000002c477976190,0x000002c477976690] = 1280
 relocation     [0x000002c4779762f0,0x000002c477976328] = 56
 main code      [0x000002c477976340,0x000002c477976690] = 848

[Constant Pool (empty)]

[MachCode]
[Entry Point]
  # {method} {0x000002c40b010f28} 'defineClass1' '(Ljava/lang/ClassLoader;Ljava/lang/String;[BIILjava/security/ProtectionDomain;Ljava/lang/String;)Ljava/lang/Class;' in 'java/lang/ClassLoader'
  # parm0:    rdx:rdx   = 'java/lang/ClassLoader'
  # parm1:    r8:r8     = 'java/lang/String'
  # parm2:    r9:r9     = '[B'
  # parm3:    rdi       = int
  # parm4:    rsi       = int
  # parm5:    rcx:rcx   = 'java/security/ProtectionDomain'
  # parm6:    [sp+0xa0]   = 'java/lang/String'  (sp of caller)
  0x000002c477976340: 448b 5208 | 49bb 0000 | 000b c402 | 0000 4d03 | d349 3bc2 | 0f84 0600 

  0x000002c477976358: ;   {runtime_call ic_miss_stub}
  0x000002c477976358: 0000 e921 | ada9 ff90 
[Verified Entry Point]
  0x000002c477976360: 8984 2400 | 90ff ff55 | 488b ec48 | 81ec 9000 | 0000 4881 | 7d10 0000 | 0000 488d | 4510 480f 
  0x000002c477976380: 4445 1048 | 8944 2440 | 4889 4c24 | 7048 83f9 | 0048 8d44 | 2470 480f | 4444 2470 | 4889 4424 
  0x000002c4779763a0: 3848 8974 | 2430 4889 | 7c24 284c | 894c 2458 | 4983 f900 | 488d 4424 | 5848 0f44 | 4424 5848 
  0x000002c4779763c0: 8944 2420 | 4c89 4424 | 5049 83f8 | 004c 8d4c | 2450 4c0f | 444c 2450 | 4889 5424 | 4848 83fa 
  0x000002c4779763e0: 004c 8d44 | 2448 4c0f | 4444 2448 

  0x000002c4779763ec: ;   {oop(a 'java/lang/Class'{0x000000070545ea40} = 'java/lang/ClassLoader')}
  0x000002c4779763ec: 49be 40ea | 4505 0700 | 0000 4c89 | 7424 784c | 8d74 2478 | 498b d6c5 

  0x000002c477976404: ;   {internal_word}
  0x000002c477976404: f877 49ba | 0364 9777 | c402 0000 | 4d89 97a0 | 0200 0049 | 89a7 9802 

  0x000002c47797641c: ;   {external_word}
  0x000002c47797641c: 0000 49ba | d4b8 0807 | fc7f 0000 | 4180 3a00 | 0f84 5200 | 0000 5241 

  0x000002c477976434: ;   {metadata({method} {0x000002c40b010f28} 'defineClass1' '(Ljava/lang/ClassLoader;Ljava/lang/String;[BIILjava/security/ProtectionDomain;Ljava/lang/String;)Ljava/lang/Class;' in 'java/lang/ClassLoader')}
  0x000002c477976434: 5041 5148 | ba20 0f01 | 0bc4 0200 | 0049 8bcf | 4883 ec20 | f7c4 0f00 | 0000 0f84 | 1a00 0000 
  0x000002c477976454: 4883 ec08 

  0x000002c477976458: ;   {runtime_call}
  0x000002c477976458: 49ba 2056 | be06 fc7f | 0000 41ff | d248 83c4 | 08e9 0d00 

  0x000002c47797646c: ;   {runtime_call}
  0x000002c47797646c: 0000 49ba | 2056 be06 | fc7f 0000 | 41ff d248 | 83c4 2041 | 5941 585a | 498d 8fb8 | 0200 0041 
  0x000002c47797648c: c787 4003 | 0000 0400 

  0x000002c477976494: ;   {runtime_call}
  0x000002c477976494: 0000 49ba | d016 436d | fc7f 0000 | 41ff d2c5 | f877 41c7 | 8740 0300 | 0005 0000 | 00f0 8344 
  0x000002c4779764b4: 24c0 0049 | 3baf 4803 | 0000 0f87 | 1100 0000 | 4181 bf30 | 0300 0000 | 0000 000f | 842c 0000 
  0x000002c4779764d4: 00c5 f877 | 4889 45f8 | 498b cf4c | 8be4 4883 | ec20 4883 

  0x000002c4779764e8: ;   {runtime_call}
  0x000002c4779764e8: e4f0 49ba | 5063 ce06 | fc7f 0000 | 41ff d249 | 8be4 4d33 | e448 8b45 | f841 c787 | 4003 0000 
  0x000002c477976508: 0800 0000 | 4181 bfb0 | 0300 0002 | 0000 000f | 843f 0100 

  0x000002c47797651c: ;   {external_word}
  0x000002c47797651c: 0049 bad4 | b808 07fc | 7f00 0041 | 803a 000f | 8450 0000 | 0048 8945 

  0x000002c477976534: ;   {metadata({method} {0x000002c40b010f28} 'defineClass1' '(Ljava/lang/ClassLoader;Ljava/lang/String;[BIILjava/security/ProtectionDomain;Ljava/lang/String;)Ljava/lang/Class;' in 'java/lang/ClassLoader')}
  0x000002c477976534: f848 ba20 | 0f01 0bc4 | 0200 0049 | 8bcf 4883 | ec20 f7c4 | 0f00 0000 | 0f84 1a00 | 0000 4883 
  0x000002c477976554: ;   {runtime_call}
  0x000002c477976554: ec08 49ba | 2056 be06 | fc7f 0000 | 41ff d248 | 83c4 08e9 | 0d00 0000 

  0x000002c47797656c: ;   {runtime_call}
  0x000002c47797656c: 49ba 2056 | be06 fc7f | 0000 41ff | d248 83c4 | 2048 8b45 | f849 c787 | 9802 0000 | 0000 0000 
  0x000002c47797658c: 49c7 87a0 | 0200 0000 | 0000 00c5 | f877 4885 | c00f 8493 | 0000 0048 | f7c0 0100 | 0000 0f84 
  0x000002c4779765ac: 8300 0000 | 488b 40ff | 4180 7f38 | 000f 846f | 0000 0048 | 83f8 000f | 8465 0000 | 0049 8b4f 
  0x000002c4779765cc: 2048 83f9 | 000f 8414 | 0000 0048 | 83e9 0849 | 894f 2049 | 034f 3048 | 8901 e943 | 0000 0050 
  0x000002c4779765ec: 498b d748 | 8bc8 4883 | ec20 f7c4 | 0f00 0000 | 0f84 1a00 | 0000 4883 

  0x000002c477976604: ;   {runtime_call}
  0x000002c477976604: ec08 49ba | 50ce 7c06 | fc7f 0000 | 41ff d248 | 83c4 08e9 | 0d00 0000 

  0x000002c47797661c: ;   {runtime_call}
  0x000002c47797661c: 49ba 50ce | 7c06 fc7f | 0000 41ff | d248 83c4 | 2058 e903 | 0000 0048 | 8b00 498b | 8fd8 0000 
  0x000002c47797663c: 00c7 8100 | 0100 0000 | 0000 00c9 | 4981 7f08 | 0000 0000 | 0f85 0100 

  0x000002c477976654: ;   {runtime_call StubRoutines (1)}
  0x000002c477976654: 0000 c3e9 | a4a8 a4ff | c5f8 7748 | 8945 f84c | 8be4 4883 | ec20 4883 

  0x000002c47797666c: ;   {runtime_call}
  0x000002c47797666c: e4f0 49ba | e086 be06 | fc7f 0000 | 41ff d249 | 8be4 4d33 | e448 8b45 | f8e9 93fe | ffff f4f4 
  0x000002c47797668c: f4f4 f4f4 
[/MachCode]


Compiled method (c1)    6582  682       3       java.lang.ClassLoader::defineClass (43 bytes)
 total in heap  [0x000002c46ffafc90,0x000002c46ffb05c8] = 2360
 relocation     [0x000002c46ffafdf0,0x000002c46ffafe80] = 144
 main code      [0x000002c46ffafe80,0x000002c46ffb0320] = 1184
 stub code      [0x000002c46ffb0320,0x000002c46ffb0398] = 120
 metadata       [0x000002c46ffb0398,0x000002c46ffb03c8] = 48
 scopes data    [0x000002c46ffb03c8,0x000002c46ffb04b8] = 240
 scopes pcs     [0x000002c46ffb04b8,0x000002c46ffb0598] = 224
 dependencies   [0x000002c46ffb0598,0x000002c46ffb05a0] = 8
 nul chk table  [0x000002c46ffb05a0,0x000002c46ffb05c8] = 40

[Constant Pool (empty)]

[MachCode]
[Entry Point]
  # {method} {0x000002c40b010cc0} 'defineClass' '(Ljava/lang/String;[BIILjava/security/ProtectionDomain;)Ljava/lang/Class;' in 'java/lang/ClassLoader'
  # this:     rdx:rdx   = 'java/lang/ClassLoader'
  # parm0:    r8:r8     = 'java/lang/String'
  # parm1:    r9:r9     = '[B'
  # parm2:    rdi       = int
  # parm3:    rsi       = int
  # parm4:    rcx:rcx   = 'java/security/ProtectionDomain'
  #           [sp+0xc0]  (sp of caller)
  0x000002c46ffafe80: 448b 5208 | 49bb 0000 | 000b c402 | 0000 4d03 | d34c 3bd0 

  0x000002c46ffafe94: ;   {runtime_call ic_miss_stub}
  0x000002c46ffafe94: 0f85 e611 | 4607 660f | 1f44 0000 
[Verified Entry Point]
  0x000002c46ffafea0: 8984 2400 | 90ff ff55 | 4881 ecb0 | 0000 0048 | 8954 2478 

  0x000002c46ffafeb4: ;   {metadata(method data for {method} {0x000002c40b010cc0} 'defineClass' '(Ljava/lang/String;[BIILjava/security/ProtectionDomain;)Ljava/lang/Class;' in 'java/lang/ClassLoader')}
  0x000002c46ffafeb4: 48bb 7859 | 114c c402 | 0000 8b83 | cc00 0000 | 83c0 0289 | 83cc 0000 | 0081 e0fe | 0700 0083 
  0x000002c46ffafed4: f800 0f84 | 4e03 0000 | 89b4 2494 | 0000 0089 | bc24 9000 | 0000 4c89 | 8c24 8800 | 0000 488b 
  0x000002c46ffafef4: ;   {metadata(method data for {method} {0x000002c40b010cc0} 'defineClass' '(Ljava/lang/String;[BIILjava/security/ProtectionDomain;)Ljava/lang/Class;' in 'java/lang/ClassLoader')}
  0x000002c46ffafef4: da48 b878 | 5911 4cc4 | 0200 0048 | 8380 1001 | 0000 0149 | 8bd8 4c8b | c34c 8bc9 | 488b ca48 
  0x000002c46ffaff14: 8bd1 4889 | 9c24 8000 

  0x000002c46ffaff1c: ;   {optimized virtual_call}
  0x000002c46ffaff1c: 0000 90e8 

  0x000002c46ffaff20: ; ImmutableOopMap {[120]=Oop [136]=Oop [128]=Oop }
                      ;*invokevirtual preDefineClass {reexecute=0 rethrow=0 return_oop=0}
                      ; - java.lang.ClassLoader::defineClass@4 (line 1015)
  0x000002c46ffaff20: 7c0a 0000 | 4889 8424 | 9800 0000 | 488b 5424 

  0x000002c46ffaff30: ;   {metadata(method data for {method} {0x000002c40b010cc0} 'defineClass' '(Ljava/lang/String;[BIILjava/security/ProtectionDomain;)Ljava/lang/Class;' in 'java/lang/ClassLoader')}
  0x000002c46ffaff30: 7849 b878 | 5911 4cc4 | 0200 0049 | 8380 4801 

  0x000002c46ffaff40: ;   {metadata(method data for {method} {0x000002c40b010ed0} 'defineClassSourceLocation' '(Ljava/security/ProtectionDomain;)Ljava/lang/String;' in 'java/lang/ClassLoader')}
  0x000002c46ffaff40: 0000 0149 | b810 6511 | 4cc4 0200 | 0041 8b90 | cc00 0000 | 83c2 0241 | 8990 cc00 | 0000 81e2 
  0x000002c46ffaff60: feff 1f00 | 83fa 000f | 84de 0200 | 0048 3b00 

  0x000002c46ffaff70: ;   {metadata(method data for {method} {0x000002c40b010ed0} 'defineClassSourceLocation' '(Ljava/security/ProtectionDomain;)Ljava/lang/String;' in 'java/lang/ClassLoader')}
  0x000002c46ffaff70: 4c8b c048 | ba10 6511 | 4cc4 0200 | 0048 8382 | 1001 0000 | 0144 8b40 | 1049 c1e0 | 0349 83f8 
  0x000002c46ffaff90: ;   {metadata(method data for {method} {0x000002c40b010ed0} 'defineClassSourceLocation' '(Ljava/security/ProtectionDomain;)Ljava/lang/String;' in 'java/lang/ClassLoader')}
  0x000002c46ffaff90: 0048 ba10 | 6511 4cc4 | 0200 0048 | c7c6 5801 | 0000 0f85 | 0700 0000 | 48c7 c648 | 0100 0048 
  0x000002c46ffaffb0: 8b3c 3248 | 8d7f 0148 | 893c 320f | 850f 0000 

  0x000002c46ffaffc0: ;   {oop(NULL)}
  0x000002c46ffaffc0: 0048 bb00 | 0000 0000 | 0000 00e9 | af01 0000 

  0x000002c46ffaffd0: ; implicit exception: dispatches to 0x000002c46ffb0271
  0x000002c46ffaffd0: 493b 0049 

  0x000002c46ffaffd4: ;   {metadata(method data for {method} {0x000002c40b010ed0} 'defineClassSourceLocation' '(Ljava/security/ProtectionDomain;)Ljava/lang/String;' in 'java/lang/ClassLoader')}
  0x000002c46ffaffd4: 8bd0 48be | 1065 114c | c402 0000 | 4883 8668 | 0100 0001 | 418b 500c | 48c1 e203 | 4883 fa00 
  0x000002c46ffafff4: ;   {metadata(method data for {method} {0x000002c40b010ed0} 'defineClassSourceLocation' '(Ljava/security/ProtectionDomain;)Ljava/lang/String;' in 'java/lang/ClassLoader')}
  0x000002c46ffafff4: 48be 1065 | 114c c402 | 0000 48c7 | c7b0 0100 | 000f 8507 | 0000 0048 | c7c7 a001 | 0000 488b 
  0x000002c46ffb0014: 1c3e 488d | 5b01 4889 | 1c3e 0f85 | 0f00 0000 

  0x000002c46ffb0024: ;   {oop(NULL)}
  0x000002c46ffb0024: 48bb 0000 | 0000 0000 | 0000 e94c 

  0x000002c46ffb0030: ;   {metadata(method data for {method} {0x000002c40b010ed0} 'defineClassSourceLocation' '(Ljava/security/ProtectionDomain;)Ljava/lang/String;' in 'java/lang/ClassLoader')}
  0x000002c46ffb0030: 0100 0048 | be10 6511 | 4cc4 0200 | 0048 8386 | c001 0000 | 0148 3b02 

  0x000002c46ffb0048: ;   {metadata(method data for {method} {0x000002c40b010ed0} 'defineClassSourceLocation' '(Ljava/security/ProtectionDomain;)Ljava/lang/String;' in 'java/lang/ClassLoader')}
  0x000002c46ffb0048: 4c8b c248 | be10 6511 | 4cc4 0200 | 0048 8386 | f801 0000 

  0x000002c46ffb005c: ;   {metadata(method data for {method} {0x000002c40b06a070} 'toString' '()Ljava/lang/String;' in 'java/net/URL')}
  0x000002c46ffb005c: 0149 b820 | a710 4cc4 | 0200 0041 | 8bb0 cc00 | 0000 83c6 | 0241 89b0 | cc00 0000 | 81e6 feff 
  0x000002c46ffb007c: 1f00 83fe | 000f 84f4 | 0100 004c 

  0x000002c46ffb0088: ;   {metadata(method data for {method} {0x000002c40b06a070} 'toString' '()Ljava/lang/String;' in 'java/net/URL')}
  0x000002c46ffb0088: 8bc2 48be | 20a7 104c | c402 0000 | 4883 8610 | 0100 0001 

  0x000002c46ffb009c: ;   {metadata(method data for {method} {0x000002c40b06a908} 'toExternalForm' '()Ljava/lang/String;' in 'java/net/URL')}
  0x000002c46ffb009c: 49b8 a8a8 | 104c c402 | 0000 418b | b0cc 0000 | 0083 c602 | 4189 b0cc | 0000 0081 | e6fe ff1f 
  0x000002c46ffb00bc: 0083 fe00 | 0f84 d601 | 0000 8b72 | 3848 c1e6 | 0348 3b06 

  0x000002c46ffb00d0: ;   {metadata(method data for {method} {0x000002c40b06a908} 'toExternalForm' '()Ljava/lang/String;' in 'java/net/URL')}
  0x000002c46ffb00d0: 4c8b c648 | bfa8 a810 | 4cc4 0200 | 0045 8b40 | 0849 ba00 | 0000 0bc4 | 0200 004d | 03c2 4c3b 
  0x000002c46ffb00f0: 8720 0100 | 0075 0d48 | 8387 2801 | 0000 01e9 | 6600 0000 | 4c3b 8730 | 0100 0075 | 0d48 8387 
  0x000002c46ffb0110: 3801 0000 | 01e9 5000 | 0000 4881 | bf20 0100 | 0000 0000 | 0075 174c | 8987 2001 | 0000 48c7 
  0x000002c46ffb0130: 8728 0100 | 0001 0000 | 00e9 2c00 | 0000 4881 | bf30 0100 | 0000 0000 | 0075 174c | 8987 3001 
  0x000002c46ffb0150: 0000 48c7 | 8738 0100 | 0001 0000 | 00e9 0800 | 0000 4883 | 8710 0100 | 0001 4c8b | c248 8bd6 
  0x000002c46ffb0170: 0f1f 8000 

  0x000002c46ffb0174: ;   {optimized virtual_call}
  0x000002c46ffb0174: 0000 00e8 

  0x000002c46ffb0178: ; ImmutableOopMap {[120]=Oop [136]=Oop [128]=Oop [152]=Oop }
                      ;*invokevirtual toExternalForm {reexecute=0 rethrow=0 return_oop=0}
                      ; - java.net.URL::toExternalForm@5 (line 1039)
                      ; - java.net.URL::toString@1 (line 1025)
                      ; - java.lang.ClassLoader::defineClassSourceLocation@22 (line 917)
                      ; - java.lang.ClassLoader::defineClass@12 (line 1016)
  0x000002c46ffb0178: 6438 feff | 488b d848 | 8b84 2498 | 0000 008b | b424 9400 | 0000 8bbc | 2490 0000 | 004c 8b8c 
  0x000002c46ffb0198: 2488 0000 | 004c 8b84 | 2480 0000 | 0048 8b54 

  0x000002c46ffb01a8: ;   {metadata(method data for {method} {0x000002c40b010cc0} 'defineClass' '(Ljava/lang/String;[BIILjava/security/ProtectionDomain;)Ljava/lang/Class;' in 'java/lang/ClassLoader')}
  0x000002c46ffb01a8: 2478 48b9 | 7859 114c | c402 0000 | 4883 8180 | 0100 0001 | 4c8b da49 | 8bd3 488b | c848 891c 
  0x000002c46ffb01c8: 2466 0f1f 

  0x000002c46ffb01cc: ;   {static_call}
  0x000002c46ffb01cc: 4400 00e8 

  0x000002c46ffb01d0: ; ImmutableOopMap {[152]=Oop [120]=Oop }
                      ;*invokestatic defineClass1 {reexecute=0 rethrow=0 return_oop=0}
                      ; - java.lang.ClassLoader::defineClass@27 (line 1017)
  0x000002c46ffb01d0: 8c61 9c07 | 488b 5424 

  0x000002c46ffb01d8: ;   {metadata(method data for {method} {0x000002c40b010cc0} 'defineClass' '(Ljava/lang/String;[BIILjava/security/ProtectionDomain;)Ljava/lang/Class;' in 'java/lang/ClassLoader')}
  0x000002c46ffb01d8: 7849 b878 | 5911 4cc4 | 0200 0049 | 8380 9001 | 0000 014c | 8bc0 4c8b | 8c24 9800 | 0000 488b 
  0x000002c46ffb01f8: 5424 7848 | 8984 24a0 | 0000 000f 

  0x000002c46ffb0204: ;   {optimized virtual_call}
  0x000002c46ffb0204: 1f40 00e8 

  0x000002c46ffb0208: ; ImmutableOopMap {[160]=Oop }
                      ;*invokevirtual postDefineClass {reexecute=0 rethrow=0 return_oop=0}
                      ; - java.lang.ClassLoader::defineClass@37 (line 1018)
  0x000002c46ffb0208: 943f 0000 | 488b 8424 | a000 0000 | 4881 c4b0 | 0000 005d 

  0x000002c46ffb021c: ;   {poll_return}
  0x000002c46ffb021c: 493b a748 | 0300 000f | 8799 0000 

  0x000002c46ffb0228: ;   {metadata({method} {0x000002c40b010cc0} 'defineClass' '(Ljava/lang/String;[BIILjava/security/ProtectionDomain;)Ljava/lang/Class;' in 'java/lang/ClassLoader')}
  0x000002c46ffb0228: 00c3 49ba | b80c 010b | c402 0000 | 4c89 5424 | 0848 c704 | 24ff ffff 

  0x000002c46ffb0240: ;   {runtime_call counter_overflow Runtime1 stub}
  0x000002c46ffb0240: ffe8 ba37 

  0x000002c46ffb0244: ; ImmutableOopMap {rdx=Oop [120]=Oop r8=Oop r9=Oop rcx=Oop }
                      ;*synchronization entry
                      ; - java.lang.ClassLoader::defineClass@-1 (line 1015)
  0x000002c46ffb0244: 5107 e991 

  0x000002c46ffb0248: ;   {metadata({method} {0x000002c40b010ed0} 'defineClassSourceLocation' '(Ljava/security/ProtectionDomain;)Ljava/lang/String;' in 'java/lang/ClassLoader')}
  0x000002c46ffb0248: fcff ff49 | bac8 0e01 | 0bc4 0200 | 004c 8954 | 2408 48c7 | 0424 ffff 

  0x000002c46ffb0260: ;   {runtime_call counter_overflow Runtime1 stub}
  0x000002c46ffb0260: ffff e899 

  0x000002c46ffb0264: ; ImmutableOopMap {[120]=Oop [136]=Oop [128]=Oop rax=Oop [152]=Oop }
                      ;*synchronization entry
                      ; - java.lang.ClassLoader::defineClassSourceLocation@-1 (line 914)
                      ; - java.lang.ClassLoader::defineClass@12 (line 1016)
  0x000002c46ffb0264: 3751 07e9 | 01fd ffff 

  0x000002c46ffb026c: ;   {runtime_call throw_null_pointer_exception Runtime1 stub}
  0x000002c46ffb026c: e8af e650 

  0x000002c46ffb0270: ; ImmutableOopMap {[120]=Oop [136]=Oop [128]=Oop rax=Oop [152]=Oop }
                      ;*invokevirtual getCodeSource {reexecute=0 rethrow=0 return_oop=0}
                      ; - java.lang.ClassLoader::defineClassSourceLocation@1 (line 914)
                      ; - java.lang.ClassLoader::defineClass@12 (line 1016)
                      ;   {runtime_call throw_null_pointer_exception Runtime1 stub}
  0x000002c46ffb0270: 07e8 aae6 

  0x000002c46ffb0274: ; ImmutableOopMap {[120]=Oop [136]=Oop [128]=Oop rax=Oop [152]=Oop r8=Oop }
                      ;*invokevirtual getLocation {reexecute=0 rethrow=0 return_oop=0}
                      ; - java.lang.ClassLoader::defineClassSourceLocation@12 (line 916)
                      ; - java.lang.ClassLoader::defineClass@12 (line 1016)
                      ;   {runtime_call throw_null_pointer_exception Runtime1 stub}
  0x000002c46ffb0274: 5007 e8a5 

  0x000002c46ffb0278: ; ImmutableOopMap {[120]=Oop [136]=Oop [128]=Oop [152]=Oop rdx=Oop }
                      ;*invokevirtual toString {reexecute=0 rethrow=0 return_oop=0}
                      ; - java.lang.ClassLoader::defineClassSourceLocation@22 (line 917)
                      ; - java.lang.ClassLoader::defineClass@12 (line 1016)
                      ;   {metadata({method} {0x000002c40b06a070} 'toString' '()Ljava/lang/String;' in 'java/net/URL')}
  0x000002c46ffb0278: e650 0749 | ba68 a006 | 0bc4 0200 | 004c 8954 | 2408 48c7 | 0424 ffff 

  0x000002c46ffb0290: ;   {runtime_call counter_overflow Runtime1 stub}
  0x000002c46ffb0290: ffff e869 

  0x000002c46ffb0294: ; ImmutableOopMap {[120]=Oop [136]=Oop [128]=Oop [152]=Oop rdx=Oop }
                      ;*synchronization entry
                      ; - java.net.URL::toString@-1 (line 1025)
                      ; - java.lang.ClassLoader::defineClassSourceLocation@22 (line 917)
                      ; - java.lang.ClassLoader::defineClass@12 (line 1016)
  0x000002c46ffb0294: 3751 07e9 | ebfd ffff 

  0x000002c46ffb029c: ;   {metadata({method} {0x000002c40b06a908} 'toExternalForm' '()Ljava/lang/String;' in 'java/net/URL')}
  0x000002c46ffb029c: 49ba 00a9 | 060b c402 | 0000 4c89 | 5424 0848 | c704 24ff 

  0x000002c46ffb02b0: ;   {runtime_call counter_overflow Runtime1 stub}
  0x000002c46ffb02b0: ffff ffe8 

  0x000002c46ffb02b4: ; ImmutableOopMap {[120]=Oop [136]=Oop [128]=Oop [152]=Oop rdx=Oop }
                      ;*synchronization entry
                      ; - java.net.URL::toExternalForm@-1 (line 1039)
                      ; - java.net.URL::toString@1 (line 1025)
                      ; - java.lang.ClassLoader::defineClassSourceLocation@22 (line 917)
                      ; - java.lang.ClassLoader::defineClass@12 (line 1016)
  0x000002c46ffb02b4: 4837 5107 | e909 feff 

  0x000002c46ffb02bc: ;   {runtime_call throw_null_pointer_exception Runtime1 stub}
  0x000002c46ffb02bc: ffe8 5ee6 

  0x000002c46ffb02c0: ; ImmutableOopMap {[120]=Oop [136]=Oop [128]=Oop [152]=Oop rdx=Oop rsi=Oop }
                      ;*invokevirtual toExternalForm {reexecute=0 rethrow=0 return_oop=0}
                      ; - java.net.URL::toExternalForm@5 (line 1039)
                      ; - java.net.URL::toString@1 (line 1025)
                      ; - java.lang.ClassLoader::defineClassSourceLocation@22 (line 917)
                      ; - java.lang.ClassLoader::defineClass@12 (line 1016)
                      ;   {internal_word}
  0x000002c46ffb02c0: 5007 49ba | 1c02 fb6f | c402 0000 | 4d89 9760 

  0x000002c46ffb02d0: ;   {runtime_call SafepointBlob}
  0x000002c46ffb02d0: 0300 00e9 | 2877 4607 | 9090 498b | 87d8 0300 | 0049 c787 | d803 0000 | 0000 0000 | 49c7 87e0 
  0x000002c46ffb02f0: 0300 0000 | 0000 0048 | 81c4 b000 

  0x000002c46ffb02fc: ;   {runtime_call unwind_exception Runtime1 stub}
  0x000002c46ffb02fc: 0000 5de9 | fcd6 5007 | f4f4 f4f4 | f4f4 f4f4 | f4f4 f4f4 | f4f4 f4f4 | f4f4 f4f4 | f4f4 f4f4 
  0x000002c46ffb031c: f4f4 f4f4 
[Stub Code]
  0x000002c46ffb0320: ;   {no_reloc}
  0x000002c46ffb0320: 0f1f 4400 

  0x000002c46ffb0324: ;   {static_stub}
  0x000002c46ffb0324: 0048 bb00 | 0000 0000 

  0x000002c46ffb032c: ;   {runtime_call}
  0x000002c46ffb032c: 0000 00e9 | fbff ffff 

  0x000002c46ffb0334: ;   {static_stub}
  0x000002c46ffb0334: 9048 bb00 | 0000 0000 

  0x000002c46ffb033c: ;   {runtime_call}
  0x000002c46ffb033c: 0000 00e9 | fbff ffff 

  0x000002c46ffb0344: ;   {static_stub}
  0x000002c46ffb0344: 9048 bb00 | 0000 0000 

  0x000002c46ffb034c: ;   {runtime_call}
  0x000002c46ffb034c: 0000 00e9 | fbff ffff 

  0x000002c46ffb0354: ;   {static_stub}
  0x000002c46ffb0354: 9048 bb00 | 0000 0000 

  0x000002c46ffb035c: ;   {runtime_call}
  0x000002c46ffb035c: 0000 00e9 | fbff ffff 
[Exception Handler]
  0x000002c46ffb0364: ;   {runtime_call handle_exception_from_callee Runtime1 stub}
  0x000002c46ffb0364: e897 0351 

  0x000002c46ffb0368: ;   {external_word}
  0x000002c46ffb0368: 0748 b940 | bae2 06fc | 7f00 0048 

  0x000002c46ffb0374: ;   {runtime_call}
  0x000002c46ffb0374: 83e4 f049 | ba40 34ab | 06fc 7f00 | 0041 ffd2 

  0x000002c46ffb0384: ;   {section_word}
  0x000002c46ffb0384: f449 ba85 | 03fb 6fc4 | 0200 0041 

  0x000002c46ffb0390: ;   {runtime_call DeoptimizationBlob}
  0x000002c46ffb0390: 52e9 0a69 | 4607 f4f4 
[/MachCode]


Compiled method (c1)    6637  668       3       java.security.SecureClassLoader::defineClass (16 bytes)
 total in heap  [0x000002c46ffaa610,0x000002c46ffaaa00] = 1008
 relocation     [0x000002c46ffaa770,0x000002c46ffaa7b8] = 72
 main code      [0x000002c46ffaa7c0,0x000002c46ffaa900] = 320
 stub code      [0x000002c46ffaa900,0x000002c46ffaa958] = 88
 metadata       [0x000002c46ffaa958,0x000002c46ffaa960] = 8
 scopes data    [0x000002c46ffaa960,0x000002c46ffaa9a8] = 72
 scopes pcs     [0x000002c46ffaa9a8,0x000002c46ffaa9f8] = 80
 dependencies   [0x000002c46ffaa9f8,0x000002c46ffaaa00] = 8

[Constant Pool (empty)]

[MachCode]
[Entry Point]
  # {method} {0x000002c40b434f30} 'defineClass' '(Ljava/lang/String;[BIILjava/security/CodeSource;)Ljava/lang/Class;' in 'java/security/SecureClassLoader'
  # this:     rdx:rdx   = 'java/security/SecureClassLoader'
  # parm0:    r8:r8     = 'java/lang/String'
  # parm1:    r9:r9     = '[B'
  # parm2:    rdi       = int
  # parm3:    rsi       = int
  # parm4:    rcx:rcx   = 'java/security/CodeSource'
  #           [sp+0x80]  (sp of caller)
  0x000002c46ffaa7c0: 448b 5208 | 49bb 0000 | 000b c402 | 0000 4d03 | d34c 3bd0 

  0x000002c46ffaa7d4: ;   {runtime_call ic_miss_stub}
  0x000002c46ffaa7d4: 0f85 a668 | 4607 660f | 1f44 0000 
[Verified Entry Point]
  0x000002c46ffaa7e0: 8984 2400 | 90ff ff55 | 4883 ec70 

  0x000002c46ffaa7ec: ;   {metadata(method data for {method} {0x000002c40b434f30} 'defineClass' '(Ljava/lang/String;[BIILjava/security/CodeSource;)Ljava/lang/Class;' in 'java/security/SecureClassLoader')}
  0x000002c46ffaa7ec: 48bb 2830 | 114c c402 | 0000 8b83 | cc00 0000 | 83c0 0289 | 83cc 0000 | 0081 e0fe | 0700 0083 
  0x000002c46ffaa80c: f800 0f84 | 8b00 0000 | 8974 245c | 897c 2458 | 4c89 4c24 | 504c 8944 | 2448 488b 

  0x000002c46ffaa828: ;   {metadata(method data for {method} {0x000002c40b434f30} 'defineClass' '(Ljava/lang/String;[BIILjava/security/CodeSource;)Ljava/lang/Class;' in 'java/security/SecureClassLoader')}
  0x000002c46ffaa828: da48 b828 | 3011 4cc4 | 0200 0048 | 8380 1001 | 0000 014c | 8bc1 488b | c248 8bd0 | 4889 4424 
  0x000002c46ffaa848: 4066 0f1f 

  0x000002c46ffaa84c: ;   {optimized virtual_call}
  0x000002c46ffaa84c: 4400 00e8 

  0x000002c46ffaa850: ; ImmutableOopMap {[80]=Oop [64]=Oop [72]=Oop }
                      ;*invokevirtual getProtectionDomain {reexecute=0 rethrow=0 return_oop=0}
                      ; - java.security.SecureClassLoader::defineClass@9 (line 150)
  0x000002c46ffaa850: 4c05 ffff | 488b 5424 

  0x000002c46ffaa858: ;   {metadata(method data for {method} {0x000002c40b434f30} 'defineClass' '(Ljava/lang/String;[BIILjava/security/CodeSource;)Ljava/lang/Class;' in 'java/security/SecureClassLoader')}
  0x000002c46ffaa858: 4049 b828 | 3011 4cc4 | 0200 0049 | 8380 4801 | 0000 014c | 8b44 2448 | 4c8b 4c24 | 508b 7c24 
  0x000002c46ffaa878: 588b 7424 | 5c48 8bc8 | 488b 5424 

  0x000002c46ffaa884: ;   {optimized virtual_call}
  0x000002c46ffaa884: 4066 90e8 

  0x000002c46ffaa888: ; ImmutableOopMap {}
                      ;*invokevirtual defineClass {reexecute=0 rethrow=0 return_oop=0}
                      ; - java.security.SecureClassLoader::defineClass@12 (line 150)
  0x000002c46ffaa888: 1456 0000 | 4883 c470 

  0x000002c46ffaa890: ;   {poll_return}
  0x000002c46ffaa890: 5d49 3ba7 | 4803 0000 | 0f87 2200 

  0x000002c46ffaa89c: ;   {metadata({method} {0x000002c40b434f30} 'defineClass' '(Ljava/lang/String;[BIILjava/security/CodeSource;)Ljava/lang/Class;' in 'java/security/SecureClassLoader')}
  0x000002c46ffaa89c: 0000 c349 | ba28 4f43 | 0bc4 0200 | 004c 8954 | 2408 48c7 | 0424 ffff 

  0x000002c46ffaa8b4: ;   {runtime_call counter_overflow Runtime1 stub}
  0x000002c46ffaa8b4: ffff e845 

  0x000002c46ffaa8b8: ; ImmutableOopMap {rdx=Oop r8=Oop r9=Oop rcx=Oop }
                      ;*synchronization entry
                      ; - java.security.SecureClassLoader::defineClass@-1 (line 150)
  0x000002c46ffaa8b8: 9151 07e9 | 54ff ffff 

  0x000002c46ffaa8c0: ;   {internal_word}
  0x000002c46ffaa8c0: 49ba 91a8 | fa6f c402 | 0000 4d89 | 9760 0300 

  0x000002c46ffaa8d0: ;   {runtime_call SafepointBlob}
  0x000002c46ffaa8d0: 00e9 2ad1 | 4607 9090 | 498b 87d8 | 0300 0049 | c787 d803 | 0000 0000 | 0000 49c7 | 87e0 0300 
  0x000002c46ffaa8f0: 0000 0000 | 0048 83c4 

  0x000002c46ffaa8f8: ;   {runtime_call unwind_exception Runtime1 stub}
  0x000002c46ffaa8f8: 705d e901 | 3151 07f4 
[Stub Code]
  0x000002c46ffaa900: ;   {no_reloc}
  0x000002c46ffaa900: 0f1f 4400 

  0x000002c46ffaa904: ;   {static_stub}
  0x000002c46ffaa904: 0048 bb00 | 0000 0000 

  0x000002c46ffaa90c: ;   {runtime_call}
  0x000002c46ffaa90c: 0000 00e9 | fbff ffff 

  0x000002c46ffaa914: ;   {static_stub}
  0x000002c46ffaa914: 9048 bbb8 | 0c01 0bc4 

  0x000002c46ffaa91c: ;   {runtime_call I2C/C2I adapters}
  0x000002c46ffaa91c: 0200 00e9 | c7cd 4507 
[Exception Handler]
  0x000002c46ffaa924: ;   {runtime_call handle_exception_from_callee Runtime1 stub}
  0x000002c46ffaa924: e8d7 5d51 

  0x000002c46ffaa928: ;   {external_word}
  0x000002c46ffaa928: 0748 b940 | bae2 06fc | 7f00 0048 

  0x000002c46ffaa934: ;   {runtime_call}
  0x000002c46ffaa934: 83e4 f049 | ba40 34ab | 06fc 7f00 | 0041 ffd2 

  0x000002c46ffaa944: ;   {section_word}
  0x000002c46ffaa944: f449 ba45 | a9fa 6fc4 | 0200 0041 

  0x000002c46ffaa950: ;   {runtime_call DeoptimizationBlob}
  0x000002c46ffaa950: 52e9 4ac3 | 4607 f4f4 
[/MachCode]


---------------  P R O C E S S  ---------------

Threads class SMR info:
_java_thread_list=0x000002c40acae680, length=12, elements={
0x000002c468330c50, 0x000002c40a94e9a0, 0x000002c40a94f820, 0x000002c40a965f00,
0x000002c40a967d90, 0x000002c40a96b870, 0x000002c40a96c230, 0x000002c40a96cf20,
0x000002c40a97e070, 0x000002c40a97e590, 0x000002c40aa3f2b0, 0x000002c40aa43950
}

Java Threads: ( => current thread )
=>0x000002c468330c50 JavaThread "main" [_thread_in_vm, id=12972, stack(0x000000eac3d00000,0x000000eac3e00000)]
  0x000002c40a94e9a0 JavaThread "Reference Handler" daemon [_thread_blocked, id=9508, stack(0x000000eac4500000,0x000000eac4600000)]
  0x000002c40a94f820 JavaThread "Finalizer" daemon [_thread_blocked, id=8684, stack(0x000000eac4600000,0x000000eac4700000)]
  0x000002c40a965f00 JavaThread "Signal Dispatcher" daemon [_thread_blocked, id=9400, stack(0x000000eac4700000,0x000000eac4800000)]
  0x000002c40a967d90 JavaThread "Attach Listener" daemon [_thread_blocked, id=12784, stack(0x000000eac4800000,0x000000eac4900000)]
  0x000002c40a96b870 JavaThread "Service Thread" daemon [_thread_blocked, id=6628, stack(0x000000eac4900000,0x000000eac4a00000)]
  0x000002c40a96c230 JavaThread "Monitor Deflation Thread" daemon [_thread_blocked, id=5196, stack(0x000000eac4a00000,0x000000eac4b00000)]
  0x000002c40a96cf20 JavaThread "C2 CompilerThread0" daemon [_thread_blocked, id=9324, stack(0x000000eac4b00000,0x000000eac4c00000)]
  0x000002c40a97e070 JavaThread "C1 CompilerThread0" daemon [_thread_blocked, id=9512, stack(0x000000eac4c00000,0x000000eac4d00000)]
  0x000002c40a97e590 JavaThread "Sweeper thread" daemon [_thread_blocked, id=4976, stack(0x000000eac4d00000,0x000000eac4e00000)]
  0x000002c40aa3f2b0 JavaThread "Notification Thread" daemon [_thread_blocked, id=6128, stack(0x000000eac4e00000,0x000000eac4f00000)]
  0x000002c40aa43950 JavaThread "Common-Cleaner" daemon [_thread_blocked, id=2416, stack(0x000000eac5000000,0x000000eac5100000)]

Other Threads:
  0x000002c40a947ea0 VMThread "VM Thread" [stack: 0x000000eac4400000,0x000000eac4500000] [id=15404] _threads_hazard_ptr=0x000002c40acae680
  0x000002c40aa02860 WatcherThread [stack: 0x000000eac4f00000,0x000000eac5000000] [id=4164]
  0x000002c46839c0b0 GCTaskThread "GC Thread#0" [stack: 0x000000eac3f00000,0x000000eac4000000] [id=8724]
  0x000002c40ad3efc0 GCTaskThread "GC Thread#1" [stack: 0x000000eac5100000,0x000000eac5200000] [id=16620]
  0x000002c40ad3f280 GCTaskThread "GC Thread#2" [stack: 0x000000eac5200000,0x000000eac5300000] [id=16428]
  0x000002c40ad3f540 GCTaskThread "GC Thread#3" [stack: 0x000000eac5300000,0x000000eac5400000] [id=16980]
  0x000002c4683acb00 ConcurrentGCThread "G1 Main Marker" [stack: 0x000000eac4000000,0x000000eac4100000] [id=8420]
  0x000002c4683ad520 ConcurrentGCThread "G1 Conc#0" [stack: 0x000000eac4100000,0x000000eac4200000] [id=12600]
  0x000002c40a8044e0 ConcurrentGCThread "G1 Refine#0" [stack: 0x000000eac4200000,0x000000eac4300000] [id=8332]
  0x000002c4683edb00 ConcurrentGCThread "G1 Service" [stack: 0x000000eac4300000,0x000000eac4400000] [id=15368]

Threads with active compile tasks:

VM state: synchronizing (normal execution)

VM Mutex/Monitor currently owned by a thread:  ([mutex/lock_event])
[0x000002c466060e20] Metaspace_lock - owner thread: 0x000002c468330c50
[0x000002c46831b820] Threads_lock - owner thread: 0x000002c40a947ea0

Heap address: 0x0000000705000000, size: 4016 MB, Compressed Oops mode: Zero based, Oop shift amount: 3

CDS archive(s) mapped at: [0x000002c40b000000-0x000002c40bbb0000-0x000002c40bbb0000), size 12255232, SharedBaseAddress: 0x000002c40b000000, ArchiveRelocationMode: 1.
Compressed class space mapped at: 0x000002c40c000000-0x000002c44c000000, reserved size: 1073741824
Narrow klass base: 0x000002c40b000000, Narrow klass shift: 0, Narrow klass range: 0x100000000

GC Precious Log:
 CPUs: 4 total, 4 available
 Memory: 16058M
 Large Page Support: Disabled
 NUMA Support: Disabled
 Compressed Oops: Enabled (Zero based)
 Heap Region Size: 2M
 Heap Min Capacity: 8M
 Heap Initial Capacity: 252M
 Heap Max Capacity: 4016M
 Pre-touch: Disabled
 Parallel Workers: 4
 Concurrent Workers: 1
 Concurrent Refinement Workers: 4
 Periodic GC: Disabled

Heap:
 garbage-first heap   total 258048K, used 17317K [0x0000000705000000, 0x0000000800000000)
  region size 2048K, 7 young (14336K), 1 survivors (2048K)
 Metaspace       used 10718K, committed 10880K, reserved 1114112K
  class space    used 1100K, committed 1216K, reserved 1048576K

Heap Regions: E=young(eden), S=young(survivor), O=old, HS=humongous(starts), HC=humongous(continues), CS=collection set, F=free, OA=open archive, CA=closed archive, TAMS=top-at-mark-start (previous, next)
|   0|0x0000000705000000, 0x0000000705200000, 0x0000000705200000|100%|HS|  |TAMS 0x0000000705000000, 0x0000000705000000| Complete 
|   1|0x0000000705200000, 0x0000000705400000, 0x0000000705400000|100%|HC|  |TAMS 0x0000000705200000, 0x0000000705200000| Complete 
|   2|0x0000000705400000, 0x0000000705600000, 0x0000000705600000|100%| O|  |TAMS 0x0000000705400000, 0x0000000705400000| Untracked 
|   3|0x0000000705600000, 0x000000070562dc00, 0x0000000705800000|  8%| O|  |TAMS 0x0000000705600000, 0x0000000705600000| Untracked 
|   4|0x0000000705800000, 0x0000000705800000, 0x0000000705a00000|  0%| F|  |TAMS 0x0000000705800000, 0x0000000705800000| Untracked 
|   5|0x0000000705a00000, 0x0000000705a00000, 0x0000000705c00000|  0%| F|  |TAMS 0x0000000705a00000, 0x0000000705a00000| Untracked 
|   6|0x0000000705c00000, 0x0000000705c00000, 0x0000000705e00000|  0%| F|  |TAMS 0x0000000705c00000, 0x0000000705c00000| Untracked 
|   7|0x0000000705e00000, 0x0000000705e00000, 0x0000000706000000|  0%| F|  |TAMS 0x0000000705e00000, 0x0000000705e00000| Untracked 
|   8|0x0000000706000000, 0x0000000706000000, 0x0000000706200000|  0%| F|  |TAMS 0x0000000706000000, 0x0000000706000000| Untracked 
|   9|0x0000000706200000, 0x0000000706200000, 0x0000000706400000|  0%| F|  |TAMS 0x0000000706200000, 0x0000000706200000| Untracked 
|  10|0x0000000706400000, 0x0000000706400000, 0x0000000706600000|  0%| F|  |TAMS 0x0000000706400000, 0x0000000706400000| Untracked 
|  11|0x0000000706600000, 0x0000000706600000, 0x0000000706800000|  0%| F|  |TAMS 0x0000000706600000, 0x0000000706600000| Untracked 
|  12|0x0000000706800000, 0x0000000706800000, 0x0000000706a00000|  0%| F|  |TAMS 0x0000000706800000, 0x0000000706800000| Untracked 
|  13|0x0000000706a00000, 0x0000000706a00000, 0x0000000706c00000|  0%| F|  |TAMS 0x0000000706a00000, 0x0000000706a00000| Untracked 
|  14|0x0000000706c00000, 0x0000000706c00000, 0x0000000706e00000|  0%| F|  |TAMS 0x0000000706c00000, 0x0000000706c00000| Untracked 
|  15|0x0000000706e00000, 0x0000000706e00000, 0x0000000707000000|  0%| F|  |TAMS 0x0000000706e00000, 0x0000000706e00000| Untracked 
|  16|0x0000000707000000, 0x0000000707000000, 0x0000000707200000|  0%| F|  |TAMS 0x0000000707000000, 0x0000000707000000| Untracked 
|  17|0x0000000707200000, 0x0000000707200000, 0x0000000707400000|  0%| F|  |TAMS 0x0000000707200000, 0x0000000707200000| Untracked 
|  18|0x0000000707400000, 0x0000000707400000, 0x0000000707600000|  0%| F|  |TAMS 0x0000000707400000, 0x0000000707400000| Untracked 
|  19|0x0000000707600000, 0x0000000707600000, 0x0000000707800000|  0%| F|  |TAMS 0x0000000707600000, 0x0000000707600000| Untracked 
|  20|0x0000000707800000, 0x0000000707800000, 0x0000000707a00000|  0%| F|  |TAMS 0x0000000707800000, 0x0000000707800000| Untracked 
|  21|0x0000000707a00000, 0x0000000707a00000, 0x0000000707c00000|  0%| F|  |TAMS 0x0000000707a00000, 0x0000000707a00000| Untracked 
|  22|0x0000000707c00000, 0x0000000707c00000, 0x0000000707e00000|  0%| F|  |TAMS 0x0000000707c00000, 0x0000000707c00000| Untracked 
|  23|0x0000000707e00000, 0x0000000707e00000, 0x0000000708000000|  0%| F|  |TAMS 0x0000000707e00000, 0x0000000707e00000| Untracked 
|  24|0x0000000708000000, 0x0000000708000000, 0x0000000708200000|  0%| F|  |TAMS 0x0000000708000000, 0x0000000708000000| Untracked 
|  25|0x0000000708200000, 0x0000000708200000, 0x0000000708400000|  0%| F|  |TAMS 0x0000000708200000, 0x0000000708200000| Untracked 
|  26|0x0000000708400000, 0x0000000708400000, 0x0000000708600000|  0%| F|  |TAMS 0x0000000708400000, 0x0000000708400000| Untracked 
|  27|0x0000000708600000, 0x0000000708600000, 0x0000000708800000|  0%| F|  |TAMS 0x0000000708600000, 0x0000000708600000| Untracked 
|  28|0x0000000708800000, 0x0000000708800000, 0x0000000708a00000|  0%| F|  |TAMS 0x0000000708800000, 0x0000000708800000| Untracked 
|  29|0x0000000708a00000, 0x0000000708a00000, 0x0000000708c00000|  0%| F|  |TAMS 0x0000000708a00000, 0x0000000708a00000| Untracked 
|  30|0x0000000708c00000, 0x0000000708c00000, 0x0000000708e00000|  0%| F|  |TAMS 0x0000000708c00000, 0x0000000708c00000| Untracked 
|  31|0x0000000708e00000, 0x0000000708e00000, 0x0000000709000000|  0%| F|  |TAMS 0x0000000708e00000, 0x0000000708e00000| Untracked 
|  32|0x0000000709000000, 0x0000000709000000, 0x0000000709200000|  0%| F|  |TAMS 0x0000000709000000, 0x0000000709000000| Untracked 
|  33|0x0000000709200000, 0x0000000709200000, 0x0000000709400000|  0%| F|  |TAMS 0x0000000709200000, 0x0000000709200000| Untracked 
|  34|0x0000000709400000, 0x0000000709400000, 0x0000000709600000|  0%| F|  |TAMS 0x0000000709400000, 0x0000000709400000| Untracked 
|  35|0x0000000709600000, 0x0000000709600000, 0x0000000709800000|  0%| F|  |TAMS 0x0000000709600000, 0x0000000709600000| Untracked 
|  36|0x0000000709800000, 0x0000000709800000, 0x0000000709a00000|  0%| F|  |TAMS 0x0000000709800000, 0x0000000709800000| Untracked 
|  37|0x0000000709a00000, 0x0000000709a00000, 0x0000000709c00000|  0%| F|  |TAMS 0x0000000709a00000, 0x0000000709a00000| Untracked 
|  38|0x0000000709c00000, 0x0000000709c00000, 0x0000000709e00000|  0%| F|  |TAMS 0x0000000709c00000, 0x0000000709c00000| Untracked 
|  39|0x0000000709e00000, 0x0000000709e00000, 0x000000070a000000|  0%| F|  |TAMS 0x0000000709e00000, 0x0000000709e00000| Untracked 
|  40|0x000000070a000000, 0x000000070a000000, 0x000000070a200000|  0%| F|  |TAMS 0x000000070a000000, 0x000000070a000000| Untracked 
|  41|0x000000070a200000, 0x000000070a200000, 0x000000070a400000|  0%| F|  |TAMS 0x000000070a200000, 0x000000070a200000| Untracked 
|  42|0x000000070a400000, 0x000000070a400000, 0x000000070a600000|  0%| F|  |TAMS 0x000000070a400000, 0x000000070a400000| Untracked 
|  43|0x000000070a600000, 0x000000070a600000, 0x000000070a800000|  0%| F|  |TAMS 0x000000070a600000, 0x000000070a600000| Untracked 
|  44|0x000000070a800000, 0x000000070a800000, 0x000000070aa00000|  0%| F|  |TAMS 0x000000070a800000, 0x000000070a800000| Untracked 
|  45|0x000000070aa00000, 0x000000070aa00000, 0x000000070ac00000|  0%| F|  |TAMS 0x000000070aa00000, 0x000000070aa00000| Untracked 
|  46|0x000000070ac00000, 0x000000070ac00000, 0x000000070ae00000|  0%| F|  |TAMS 0x000000070ac00000, 0x000000070ac00000| Untracked 
|  47|0x000000070ae00000, 0x000000070ae00000, 0x000000070b000000|  0%| F|  |TAMS 0x000000070ae00000, 0x000000070ae00000| Untracked 
|  48|0x000000070b000000, 0x000000070b000000, 0x000000070b200000|  0%| F|  |TAMS 0x000000070b000000, 0x000000070b000000| Untracked 
|  49|0x000000070b200000, 0x000000070b200000, 0x000000070b400000|  0%| F|  |TAMS 0x000000070b200000, 0x000000070b200000| Untracked 
|  50|0x000000070b400000, 0x000000070b400000, 0x000000070b600000|  0%| F|  |TAMS 0x000000070b400000, 0x000000070b400000| Untracked 
|  51|0x000000070b600000, 0x000000070b600000, 0x000000070b800000|  0%| F|  |TAMS 0x000000070b600000, 0x000000070b600000| Untracked 
|  52|0x000000070b800000, 0x000000070b800000, 0x000000070ba00000|  0%| F|  |TAMS 0x000000070b800000, 0x000000070b800000| Untracked 
|  53|0x000000070ba00000, 0x000000070ba00000, 0x000000070bc00000|  0%| F|  |TAMS 0x000000070ba00000, 0x000000070ba00000| Untracked 
|  54|0x000000070bc00000, 0x000000070bc00000, 0x000000070be00000|  0%| F|  |TAMS 0x000000070bc00000, 0x000000070bc00000| Untracked 
|  55|0x000000070be00000, 0x000000070be00000, 0x000000070c000000|  0%| F|  |TAMS 0x000000070be00000, 0x000000070be00000| Untracked 
|  56|0x000000070c000000, 0x000000070c000000, 0x000000070c200000|  0%| F|  |TAMS 0x000000070c000000, 0x000000070c000000| Untracked 
|  57|0x000000070c200000, 0x000000070c200000, 0x000000070c400000|  0%| F|  |TAMS 0x000000070c200000, 0x000000070c200000| Untracked 
|  58|0x000000070c400000, 0x000000070c400000, 0x000000070c600000|  0%| F|  |TAMS 0x000000070c400000, 0x000000070c400000| Untracked 
|  59|0x000000070c600000, 0x000000070c600000, 0x000000070c800000|  0%| F|  |TAMS 0x000000070c600000, 0x000000070c600000| Untracked 
|  60|0x000000070c800000, 0x000000070c800000, 0x000000070ca00000|  0%| F|  |TAMS 0x000000070c800000, 0x000000070c800000| Untracked 
|  61|0x000000070ca00000, 0x000000070ca00000, 0x000000070cc00000|  0%| F|  |TAMS 0x000000070ca00000, 0x000000070ca00000| Untracked 
|  62|0x000000070cc00000, 0x000000070cc00000, 0x000000070ce00000|  0%| F|  |TAMS 0x000000070cc00000, 0x000000070cc00000| Untracked 
|  63|0x000000070ce00000, 0x000000070ce00000, 0x000000070d000000|  0%| F|  |TAMS 0x000000070ce00000, 0x000000070ce00000| Untracked 
|  64|0x000000070d000000, 0x000000070d000000, 0x000000070d200000|  0%| F|  |TAMS 0x000000070d000000, 0x000000070d000000| Untracked 
|  65|0x000000070d200000, 0x000000070d200000, 0x000000070d400000|  0%| F|  |TAMS 0x000000070d200000, 0x000000070d200000| Untracked 
|  66|0x000000070d400000, 0x000000070d400000, 0x000000070d600000|  0%| F|  |TAMS 0x000000070d400000, 0x000000070d400000| Untracked 
|  67|0x000000070d600000, 0x000000070d600000, 0x000000070d800000|  0%| F|  |TAMS 0x000000070d600000, 0x000000070d600000| Untracked 
|  68|0x000000070d800000, 0x000000070d800000, 0x000000070da00000|  0%| F|  |TAMS 0x000000070d800000, 0x000000070d800000| Untracked 
|  69|0x000000070da00000, 0x000000070da00000, 0x000000070dc00000|  0%| F|  |TAMS 0x000000070da00000, 0x000000070da00000| Untracked 
|  70|0x000000070dc00000, 0x000000070dc00000, 0x000000070de00000|  0%| F|  |TAMS 0x000000070dc00000, 0x000000070dc00000| Untracked 
|  71|0x000000070de00000, 0x000000070de00000, 0x000000070e000000|  0%| F|  |TAMS 0x000000070de00000, 0x000000070de00000| Untracked 
|  72|0x000000070e000000, 0x000000070e000000, 0x000000070e200000|  0%| F|  |TAMS 0x000000070e000000, 0x000000070e000000| Untracked 
|  73|0x000000070e200000, 0x000000070e200000, 0x000000070e400000|  0%| F|  |TAMS 0x000000070e200000, 0x000000070e200000| Untracked 
|  74|0x000000070e400000, 0x000000070e400000, 0x000000070e600000|  0%| F|  |TAMS 0x000000070e400000, 0x000000070e400000| Untracked 
|  75|0x000000070e600000, 0x000000070e600000, 0x000000070e800000|  0%| F|  |TAMS 0x000000070e600000, 0x000000070e600000| Untracked 
|  76|0x000000070e800000, 0x000000070e800000, 0x000000070ea00000|  0%| F|  |TAMS 0x000000070e800000, 0x000000070e800000| Untracked 
|  77|0x000000070ea00000, 0x000000070ea00000, 0x000000070ec00000|  0%| F|  |TAMS 0x000000070ea00000, 0x000000070ea00000| Untracked 
|  78|0x000000070ec00000, 0x000000070ec00000, 0x000000070ee00000|  0%| F|  |TAMS 0x000000070ec00000, 0x000000070ec00000| Untracked 
|  79|0x000000070ee00000, 0x000000070ee00000, 0x000000070f000000|  0%| F|  |TAMS 0x000000070ee00000, 0x000000070ee00000| Untracked 
|  80|0x000000070f000000, 0x000000070f000000, 0x000000070f200000|  0%| F|  |TAMS 0x000000070f000000, 0x000000070f000000| Untracked 
|  81|0x000000070f200000, 0x000000070f200000, 0x000000070f400000|  0%| F|  |TAMS 0x000000070f200000, 0x000000070f200000| Untracked 
|  82|0x000000070f400000, 0x000000070f400000, 0x000000070f600000|  0%| F|  |TAMS 0x000000070f400000, 0x000000070f400000| Untracked 
|  83|0x000000070f600000, 0x000000070f600000, 0x000000070f800000|  0%| F|  |TAMS 0x000000070f600000, 0x000000070f600000| Untracked 
|  84|0x000000070f800000, 0x000000070f800000, 0x000000070fa00000|  0%| F|  |TAMS 0x000000070f800000, 0x000000070f800000| Untracked 
|  85|0x000000070fa00000, 0x000000070fa00000, 0x000000070fc00000|  0%| F|  |TAMS 0x000000070fa00000, 0x000000070fa00000| Untracked 
|  86|0x000000070fc00000, 0x000000070fc00000, 0x000000070fe00000|  0%| F|  |TAMS 0x000000070fc00000, 0x000000070fc00000| Untracked 
|  87|0x000000070fe00000, 0x000000070fe00000, 0x0000000710000000|  0%| F|  |TAMS 0x000000070fe00000, 0x000000070fe00000| Untracked 
|  88|0x0000000710000000, 0x0000000710000000, 0x0000000710200000|  0%| F|  |TAMS 0x0000000710000000, 0x0000000710000000| Untracked 
|  89|0x0000000710200000, 0x0000000710200000, 0x0000000710400000|  0%| F|  |TAMS 0x0000000710200000, 0x0000000710200000| Untracked 
|  90|0x0000000710400000, 0x0000000710400000, 0x0000000710600000|  0%| F|  |TAMS 0x0000000710400000, 0x0000000710400000| Untracked 
|  91|0x0000000710600000, 0x0000000710600000, 0x0000000710800000|  0%| F|  |TAMS 0x0000000710600000, 0x0000000710600000| Untracked 
|  92|0x0000000710800000, 0x0000000710800000, 0x0000000710a00000|  0%| F|  |TAMS 0x0000000710800000, 0x0000000710800000| Untracked 
|  93|0x0000000710a00000, 0x0000000710a00000, 0x0000000710c00000|  0%| F|  |TAMS 0x0000000710a00000, 0x0000000710a00000| Untracked 
|  94|0x0000000710c00000, 0x0000000710c00000, 0x0000000710e00000|  0%| F|  |TAMS 0x0000000710c00000, 0x0000000710c00000| Untracked 
|  95|0x0000000710e00000, 0x0000000710e00000, 0x0000000711000000|  0%| F|  |TAMS 0x0000000710e00000, 0x0000000710e00000| Untracked 
|  96|0x0000000711000000, 0x0000000711000000, 0x0000000711200000|  0%| F|  |TAMS 0x0000000711000000, 0x0000000711000000| Untracked 
|  97|0x0000000711200000, 0x0000000711200000, 0x0000000711400000|  0%| F|  |TAMS 0x0000000711200000, 0x0000000711200000| Untracked 
|  98|0x0000000711400000, 0x0000000711400000, 0x0000000711600000|  0%| F|  |TAMS 0x0000000711400000, 0x0000000711400000| Untracked 
|  99|0x0000000711600000, 0x0000000711600000, 0x0000000711800000|  0%| F|  |TAMS 0x0000000711600000, 0x0000000711600000| Untracked 
| 100|0x0000000711800000, 0x0000000711800000, 0x0000000711a00000|  0%| F|  |TAMS 0x0000000711800000, 0x0000000711800000| Untracked 
| 101|0x0000000711a00000, 0x0000000711a00000, 0x0000000711c00000|  0%| F|  |TAMS 0x0000000711a00000, 0x0000000711a00000| Untracked 
| 102|0x0000000711c00000, 0x0000000711c00000, 0x0000000711e00000|  0%| F|  |TAMS 0x0000000711c00000, 0x0000000711c00000| Untracked 
| 103|0x0000000711e00000, 0x0000000711e00000, 0x0000000712000000|  0%| F|  |TAMS 0x0000000711e00000, 0x0000000711e00000| Untracked 
| 104|0x0000000712000000, 0x0000000712000000, 0x0000000712200000|  0%| F|  |TAMS 0x0000000712000000, 0x0000000712000000| Untracked 
| 105|0x0000000712200000, 0x0000000712200000, 0x0000000712400000|  0%| F|  |TAMS 0x0000000712200000, 0x0000000712200000| Untracked 
| 106|0x0000000712400000, 0x0000000712400000, 0x0000000712600000|  0%| F|  |TAMS 0x0000000712400000, 0x0000000712400000| Untracked 
| 107|0x0000000712600000, 0x0000000712600000, 0x0000000712800000|  0%| F|  |TAMS 0x0000000712600000, 0x0000000712600000| Untracked 
| 108|0x0000000712800000, 0x0000000712800000, 0x0000000712a00000|  0%| F|  |TAMS 0x0000000712800000, 0x0000000712800000| Untracked 
| 109|0x0000000712a00000, 0x0000000712a00000, 0x0000000712c00000|  0%| F|  |TAMS 0x0000000712a00000, 0x0000000712a00000| Untracked 
| 110|0x0000000712c00000, 0x0000000712c00000, 0x0000000712e00000|  0%| F|  |TAMS 0x0000000712c00000, 0x0000000712c00000| Untracked 
| 111|0x0000000712e00000, 0x0000000712e00000, 0x0000000713000000|  0%| F|  |TAMS 0x0000000712e00000, 0x0000000712e00000| Untracked 
| 112|0x0000000713000000, 0x0000000713000000, 0x0000000713200000|  0%| F|  |TAMS 0x0000000713000000, 0x0000000713000000| Untracked 
| 113|0x0000000713200000, 0x0000000713200000, 0x0000000713400000|  0%| F|  |TAMS 0x0000000713200000, 0x0000000713200000| Untracked 
| 114|0x0000000713400000, 0x0000000713400000, 0x0000000713600000|  0%| F|  |TAMS 0x0000000713400000, 0x0000000713400000| Untracked 
| 115|0x0000000713600000, 0x0000000713600000, 0x0000000713800000|  0%| F|  |TAMS 0x0000000713600000, 0x0000000713600000| Untracked 
| 116|0x0000000713800000, 0x0000000713800000, 0x0000000713a00000|  0%| F|  |TAMS 0x0000000713800000, 0x0000000713800000| Untracked 
| 117|0x0000000713a00000, 0x0000000713a00000, 0x0000000713c00000|  0%| F|  |TAMS 0x0000000713a00000, 0x0000000713a00000| Untracked 
| 118|0x0000000713c00000, 0x0000000713cbb890, 0x0000000713e00000| 36%| S|CS|TAMS 0x0000000713c00000, 0x0000000713c00000| Complete 
| 119|0x0000000713e00000, 0x0000000713e00000, 0x0000000714000000|  0%| F|  |TAMS 0x0000000713e00000, 0x0000000713e00000| Untracked 
| 120|0x0000000714000000, 0x0000000714132708, 0x0000000714200000| 59%| E|  |TAMS 0x0000000714000000, 0x0000000714000000| Complete 
| 121|0x0000000714200000, 0x0000000714400000, 0x0000000714400000|100%| E|CS|TAMS 0x0000000714200000, 0x0000000714200000| Complete 
| 122|0x0000000714400000, 0x0000000714600000, 0x0000000714600000|100%| E|CS|TAMS 0x0000000714400000, 0x0000000714400000| Complete 
| 123|0x0000000714600000, 0x0000000714800000, 0x0000000714800000|100%| E|CS|TAMS 0x0000000714600000, 0x0000000714600000| Complete 
| 124|0x0000000714800000, 0x0000000714a00000, 0x0000000714a00000|100%| E|CS|TAMS 0x0000000714800000, 0x0000000714800000| Complete 
| 125|0x0000000714a00000, 0x0000000714c00000, 0x0000000714c00000|100%| E|CS|TAMS 0x0000000714a00000, 0x0000000714a00000| Complete 

Card table byte_map: [0x000002c47f670000,0x000002c47fe50000] _byte_map_base: 0x000002c47be48000

Marking Bits (Prev, Next): (CMBitMap*) 0x000002c46839c6d0, (CMBitMap*) 0x000002c46839c710
 Prev Bits: [0x000002c4007e0000, 0x000002c4046a0000)
 Next Bits: [0x000002c4046a0000, 0x000002c408560000)

Polling page: 0x000002c4661b0000

Metaspace:

Usage:
  Non-class:      9.39 MB used.
      Class:      1.07 MB used.
       Both:     10.47 MB used.

Virtual space:
  Non-class space:       64.00 MB reserved,       9.44 MB ( 15%) committed,  1 nodes.
      Class space:        1.00 GB reserved,       1.19 MB ( <1%) committed,  1 nodes.
             Both:        1.06 GB reserved,      10.62 MB ( <1%) committed. 

Chunk freelists:
   Non-Class:  4.05 MB
       Class:  14.77 MB
        Both:  18.81 MB

MaxMetaspaceSize: unlimited
CompressedClassSpaceSize: 1.00 GB
Initial GC threshold: 21.00 MB
Current GC threshold: 21.00 MB
CDS: on
MetaspaceReclaimPolicy: balanced
 - commit_granule_bytes: 65536.
 - commit_granule_words: 8192.
 - virtual_space_node_default_size: 8388608.
 - enlarge_chunks_in_place: 1.
 - new_chunks_are_fully_committed: 0.
 - uncommit_free_chunks: 1.
 - use_allocation_guard: 0.
 - handle_deallocations: 1.


Internal statistics:

num_allocs_failed_limit: 0.
num_arena_births: 116.
num_arena_deaths: 0.
num_vsnodes_births: 2.
num_vsnodes_deaths: 0.
num_space_committed: 170.
num_space_uncommitted: 0.
num_chunks_returned_to_freelist: 0.
num_chunks_taken_from_freelist: 478.
num_chunk_merges: 0.
num_chunk_splits: 367.
num_chunks_enlarged: 311.
num_inconsistent_stats: 0.

CodeHeap 'non-profiled nmethods': size=120000Kb used=302Kb max_used=302Kb free=119698Kb
 bounds [0x000002c477960000, 0x000002c477bd0000, 0x000002c47ee90000]
CodeHeap 'profiled nmethods': size=120000Kb used=1434Kb max_used=1434Kb free=118565Kb
 bounds [0x000002c46fe90000, 0x000002c470100000, 0x000002c4773c0000]
CodeHeap 'non-nmethods': size=5760Kb used=1177Kb max_used=1194Kb free=4582Kb
 bounds [0x000002c4773c0000, 0x000002c477630000, 0x000002c477960000]
 total_blobs=1367 nmethods=891 adapters=389
 compilation: enabled
              stopped_count=0, restarted_count=0
 full_count=0

Compilation events (20 events):
Event: 6.184 Thread 0x000002c40a96cf20  885       4       java.util.HashMap::getNode (150 bytes)
Event: 6.187 Thread 0x000002c40a97e070  886       3       java.lang.invoke.MemberName::checkForTypeAlias (172 bytes)
Event: 6.190 Thread 0x000002c40a97e070 nmethod 886 0x000002c46fff2790 code [0x000002c46fff2c00, 0x000002c46fff4a58]
Event: 6.192 Thread 0x000002c40a96cf20 nmethod 885 0x000002c4779a8010 code [0x000002c4779a81c0, 0x000002c4779a8688]
Event: 6.209 Thread 0x000002c40a96cf20  887   !   4       java.util.concurrent.ConcurrentHashMap::putVal (432 bytes)
Event: 6.283 Thread 0x000002c40a96cf20 nmethod 887 0x000002c4779a8990 code [0x000002c4779a8ba0, 0x000002c4779aa060]
Event: 6.283 Thread 0x000002c40a96cf20  888       4       java.lang.ClassLoader::checkName (37 bytes)
Event: 6.285 Thread 0x000002c40a96cf20 nmethod 888 0x000002c4779aab90 code [0x000002c4779aad20, 0x000002c4779aaed8]
Event: 6.323 Thread 0x000002c40a96cf20  889       4       java.lang.StringConcatHelper::prepend (37 bytes)
Event: 6.326 Thread 0x000002c40a96cf20 nmethod 889 0x000002c4779ab010 code [0x000002c4779ab1a0, 0x000002c4779ab338]
Event: 6.338 Thread 0x000002c40a97e070  890       3       java.lang.Integer::valueOf (32 bytes)
Event: 6.339 Thread 0x000002c40a97e070 nmethod 890 0x000002c46fff5310 code [0x000002c46fff54e0, 0x000002c46fff57f8]
Event: 6.417 Thread 0x000002c40a97e070  891       3       java.lang.StringUTF16::compress (50 bytes)
Event: 6.418 Thread 0x000002c40a97e070 nmethod 891 0x000002c46fff5910 code [0x000002c46fff5ac0, 0x000002c46fff5cf8]
Event: 6.419 Thread 0x000002c40a97e070  892       1       org.jetbrains.kotlin.com.fasterxml.aalto.in.PName::getLocalName (5 bytes)
Event: 6.419 Thread 0x000002c40a97e070 nmethod 892 0x000002c4779ab510 code [0x000002c4779ab6a0, 0x000002c4779ab778]
Event: 6.431 Thread 0x000002c40a97e070  893       3       java.lang.invoke.MemberName::isCallerSensitive (8 bytes)
Event: 6.432 Thread 0x000002c40a97e070 nmethod 893 0x000002c46fff5e90 code [0x000002c46fff6040, 0x000002c46fff6278]
Event: 6.444 Thread 0x000002c40a97e070  894       3       java.util.ImmutableCollections$AbstractImmutableSet::<init> (5 bytes)
Event: 6.444 Thread 0x000002c40a97e070 nmethod 894 0x000002c46fff6390 code [0x000002c46fff6540, 0x000002c46fff6778]

GC Heap History (4 events):
Event: 3.786 GC heap before
{Heap before GC invocations=0 (full 0):
 garbage-first heap   total 258048K, used 14336K [0x0000000705000000, 0x0000000800000000)
  region size 2048K, 6 young (12288K), 0 survivors (0K)
 Metaspace       used 3726K, committed 3840K, reserved 1114112K
  class space    used 264K, committed 320K, reserved 1048576K
}
Event: 4.284 GC heap after
{Heap after GC invocations=1 (full 0):
 garbage-first heap   total 258048K, used 6324K [0x0000000705000000, 0x0000000800000000)
  region size 2048K, 1 young (2048K), 1 survivors (2048K)
 Metaspace       used 3726K, committed 3840K, reserved 1114112K
  class space    used 264K, committed 320K, reserved 1048576K
}
Event: 5.446 GC heap before
{Heap before GC invocations=1 (full 0):
 garbage-first heap   total 258048K, used 16564K [0x0000000705000000, 0x0000000800000000)
  region size 2048K, 7 young (14336K), 1 survivors (2048K)
 Metaspace       used 7282K, committed 7360K, reserved 1114112K
  class space    used 680K, committed 704K, reserved 1048576K
}
Event: 5.450 GC heap after
{Heap after GC invocations=2 (full 0):
 garbage-first heap   total 258048K, used 7077K [0x0000000705000000, 0x0000000800000000)
  region size 2048K, 1 young (2048K), 1 survivors (2048K)
 Metaspace       used 7282K, committed 7360K, reserved 1114112K
  class space    used 680K, committed 704K, reserved 1048576K
}

Dll operation events (6 events):
Event: 0.014 Loaded shared library C:\Program Files\Microsoft\jdk-17.0.16.8-hotspot\bin\java.dll
Event: 0.167 Loaded shared library C:\Program Files\Microsoft\jdk-17.0.16.8-hotspot\bin\jsvml.dll
Event: 1.074 Loaded shared library C:\Program Files\Microsoft\jdk-17.0.16.8-hotspot\bin\net.dll
Event: 1.254 Loaded shared library C:\Program Files\Microsoft\jdk-17.0.16.8-hotspot\bin\nio.dll
Event: 1.354 Loaded shared library C:\Program Files\Microsoft\jdk-17.0.16.8-hotspot\bin\zip.dll
Event: 1.583 Loaded shared library C:\Program Files\Microsoft\jdk-17.0.16.8-hotspot\bin\jimage.dll

Deoptimization events (20 events):
Event: 4.927 Thread 0x000002c468330c50 Uncommon trap: trap_request=0xffffff3d fr.pc=0x000002c47798ba04 relative=0x0000000000000064
Event: 4.927 Thread 0x000002c468330c50 Uncommon trap: reason=unstable_fused_if action=reinterpret pc=0x000002c47798ba04 method=java.lang.Integer.valueOf(I)Ljava/lang/Integer; @ 3 c2
Event: 4.927 Thread 0x000002c468330c50 DEOPT PACKING pc=0x000002c47798ba04 sp=0x000000eac3dfe450
Event: 4.927 Thread 0x000002c468330c50 DEOPT UNPACKING pc=0x000002c4774169a3 sp=0x000000eac3dfe3e8 mode 2
Event: 4.950 Thread 0x000002c468330c50 Uncommon trap: trap_request=0xffffff45 fr.pc=0x000002c477989ca8 relative=0x0000000000000568
Event: 4.950 Thread 0x000002c468330c50 Uncommon trap: reason=unstable_if action=reinterpret pc=0x000002c477989ca8 method=java.lang.AbstractStringBuilder.putStringAt(ILjava/lang/String;II)V @ 8 c2
Event: 4.950 Thread 0x000002c468330c50 DEOPT PACKING pc=0x000002c477989ca8 sp=0x000000eac3dfdd10
Event: 4.950 Thread 0x000002c468330c50 DEOPT UNPACKING pc=0x000002c4774169a3 sp=0x000000eac3dfdb98 mode 2
Event: 4.950 Thread 0x000002c468330c50 Uncommon trap: trap_request=0xffffff45 fr.pc=0x000002c47798e0a4 relative=0x0000000000000564
Event: 4.950 Thread 0x000002c468330c50 Uncommon trap: reason=unstable_if action=reinterpret pc=0x000002c47798e0a4 method=java.lang.AbstractStringBuilder.putStringAt(ILjava/lang/String;II)V @ 8 c2
Event: 4.950 Thread 0x000002c468330c50 DEOPT PACKING pc=0x000002c47798e0a4 sp=0x000000eac3dfdcb0
Event: 4.950 Thread 0x000002c468330c50 DEOPT UNPACKING pc=0x000002c4774169a3 sp=0x000000eac3dfdba0 mode 2
Event: 5.118 Thread 0x000002c468330c50 DEOPT PACKING pc=0x000002c46ff6fb63 sp=0x000000eac3dfdd70
Event: 5.118 Thread 0x000002c468330c50 DEOPT UNPACKING pc=0x000002c477417143 sp=0x000000eac3dfd1d0 mode 0
Event: 5.261 Thread 0x000002c468330c50 DEOPT PACKING pc=0x000002c46feb7dca sp=0x000000eac3df8120
Event: 5.261 Thread 0x000002c468330c50 DEOPT UNPACKING pc=0x000002c477417143 sp=0x000000eac3df75a8 mode 0
Event: 5.282 Thread 0x000002c468330c50 DEOPT PACKING pc=0x000002c46fed153b sp=0x000000eac3dfcbc0
Event: 5.282 Thread 0x000002c468330c50 DEOPT UNPACKING pc=0x000002c477417143 sp=0x000000eac3dfc010 mode 0
Event: 5.534 Thread 0x000002c468330c50 DEOPT PACKING pc=0x000002c46fed54f0 sp=0x000000eac3df4b30
Event: 5.534 Thread 0x000002c468330c50 DEOPT UNPACKING pc=0x000002c477417143 sp=0x000000eac3df4048 mode 0

Classes loaded (20 events):
Event: 6.333 Loading class java/text/ParseException
Event: 6.333 Loading class java/text/ParseException done
Event: 6.342 Loading class javax/xml/stream/Location
Event: 6.342 Loading class javax/xml/stream/Location done
Event: 6.342 Loading class java/io/UnsupportedEncodingException
Event: 6.342 Loading class java/io/UnsupportedEncodingException done
Event: 6.343 Loading class javax/xml/namespace/NamespaceContext
Event: 6.343 Loading class javax/xml/namespace/NamespaceContext done
Event: 6.343 Loading class javax/xml/stream/XMLStreamConstants
Event: 6.343 Loading class javax/xml/stream/XMLStreamConstants done
Event: 6.347 Loading class java/io/CharConversionException
Event: 6.347 Loading class java/io/CharConversionException done
Event: 6.349 Loading class javax/xml/stream/XMLStreamReader
Event: 6.350 Loading class javax/xml/stream/XMLStreamReader done
Event: 6.445 Loading class java/util/concurrent/CancellationException
Event: 6.445 Loading class java/util/concurrent/CancellationException done
Event: 6.448 Loading class javax/swing/Icon
Event: 6.448 Loading class javax/swing/Icon done
Event: 6.448 Loading class sun/invoke/util/VerifyAccess$1
Event: 6.448 Loading class sun/invoke/util/VerifyAccess$1 done

Classes unloaded (0 events):
No events

Classes redefined (0 events):
No events

Internal exceptions (20 events):
Event: 5.440 Thread 0x000002c468330c50 Exception <a 'java/lang/NoSuchMethodError'{0x00000007141da050}: 'int java.lang.invoke.DirectMethodHandle$Holder.invokeStaticInit(java.lang.Object, java.lang.Object, java.lang.Object, java.lang.Object)'> (0x00000007141da050) 
thrown [s\src\hotspot\share\interpreter\linkResolver.cpp, line 759]
Event: 5.697 Thread 0x000002c468330c50 Exception <a 'java/lang/NoSuchMethodError'{0x00000007148289f8}: 'void java.lang.invoke.DirectMethodHandle$Holder.invokeStaticInit(java.lang.Object)'> (0x00000007148289f8) 
thrown [s\src\hotspot\share\interpreter\linkResolver.cpp, line 759]
Event: 5.706 Thread 0x000002c468330c50 Exception <a 'java/lang/NoSuchMethodError'{0x0000000714870a28}: 'void java.lang.invoke.DelegatingMethodHandle$Holder.reinvoke_L(java.lang.Object, java.lang.Object, java.lang.Object, long, java.lang.Object)'> (0x0000000714870a28) 
thrown [s\src\hotspot\share\interpreter\linkResolver.cpp, line 759]
Event: 5.708 Thread 0x000002c468330c50 Exception <a 'java/lang/NoSuchMethodError'{0x0000000714879118}: 'java.lang.Object java.lang.invoke.DirectMethodHandle$Holder.invokeSpecial(java.lang.Object, java.lang.Object, java.lang.Object, java.lang.Object, long)'> (0x0000000714879118) 
thrown [s\src\hotspot\share\interpreter\linkResolver.cpp, line 759]
Event: 5.711 Thread 0x000002c468330c50 Exception <a 'java/lang/NoSuchMethodError'{0x0000000714888500}: 'int java.lang.invoke.DelegatingMethodHandle$Holder.reinvoke_L(java.lang.Object, java.lang.Object, java.lang.Object, long, java.lang.Object, java.lang.Object)'> (0x0000000714888500) 
thrown [s\src\hotspot\share\interpreter\linkResolver.cpp, line 759]
Event: 5.714 Thread 0x000002c468330c50 Exception <a 'java/lang/NoSuchMethodError'{0x00000007148970b8}: 'int java.lang.invoke.DelegatingMethodHandle$Holder.reinvoke_L(java.lang.Object, java.lang.Object, java.lang.Object, long, int, int)'> (0x00000007148970b8) 
thrown [s\src\hotspot\share\interpreter\linkResolver.cpp, line 759]
Event: 5.717 Thread 0x000002c468330c50 Exception <a 'java/lang/NoSuchMethodError'{0x00000007148d7b70}: 'int java.lang.invoke.DelegatingMethodHandle$Holder.reinvoke_L(java.lang.Object, java.lang.Object, java.lang.Object, long, long, long)'> (0x00000007148d7b70) 
thrown [s\src\hotspot\share\interpreter\linkResolver.cpp, line 759]
Event: 5.719 Thread 0x000002c468330c50 Exception <a 'java/lang/NoSuchMethodError'{0x00000007148e62e0}: 'int java.lang.invoke.DelegatingMethodHandle$Holder.reinvoke_L(java.lang.Object, java.lang.Object, java.lang.Object, long, int)'> (0x00000007148e62e0) 
thrown [s\src\hotspot\share\interpreter\linkResolver.cpp, line 759]
Event: 5.722 Thread 0x000002c468330c50 Exception <a 'java/lang/NoSuchMethodError'{0x00000007148f4ca8}: 'int java.lang.invoke.DirectMethodHandle$Holder.invokeSpecial(java.lang.Object, java.lang.Object, java.lang.Object)'> (0x00000007148f4ca8) 
thrown [s\src\hotspot\share\interpreter\linkResolver.cpp, line 759]
Event: 5.723 Thread 0x000002c468330c50 Exception <a 'java/lang/NoSuchMethodError'{0x00000007148f8b68}: 'int java.lang.invoke.DirectMethodHandle$Holder.invokeSpecial(java.lang.Object, java.lang.Object, java.lang.Object, java.lang.Object)'> (0x00000007148f8b68) 
thrown [s\src\hotspot\share\interpreter\linkResolver.cpp, line 759]
Event: 5.773 Thread 0x000002c468330c50 Exception <a 'java/lang/NoSuchMethodError'{0x0000000714907b08}: 'void java.lang.invoke.DelegatingMethodHandle$Holder.reinvoke_L(java.lang.Object, java.lang.Object, java.lang.Object, long, java.lang.Object, long, long)'> (0x0000000714907b08) 
thrown [s\src\hotspot\share\interpreter\linkResolver.cpp, line 759]
Event: 5.775 Thread 0x000002c468330c50 Exception <a 'java/lang/NoSuchMethodError'{0x000000071490eda8}: 'long java.lang.invoke.Invokers$Holder.invokeExact_MT(java.lang.Object, java.lang.Object, java.lang.Object)'> (0x000000071490eda8) 
thrown [s\src\hotspot\share\interpreter\linkResolver.cpp, line 759]
Event: 5.775 Thread 0x000002c468330c50 Exception <a 'java/lang/NoSuchMethodError'{0x00000007149132a8}: 'int java.lang.invoke.Invokers$Holder.invokeExact_MT(java.lang.Object, java.lang.Object, java.lang.Object)'> (0x00000007149132a8) 
thrown [s\src\hotspot\share\interpreter\linkResolver.cpp, line 759]
Event: 5.874 Thread 0x000002c468330c50 Exception <a 'java/lang/NoSuchMethodError'{0x00000007149fafd0}: 'int java.lang.invoke.DirectMethodHandle$Holder.invokeStaticInit(java.lang.Object, java.lang.Object, java.lang.Object)'> (0x00000007149fafd0) 
thrown [s\src\hotspot\share\interpreter\linkResolver.cpp, line 759]
Event: 5.883 Thread 0x000002c468330c50 Exception <a 'java/lang/NoSuchMethodError'{0x000000071462b8e0}: 'int java.lang.invoke.DirectMethodHandle$Holder.invokeStaticInit(java.lang.Object, java.lang.Object)'> (0x000000071462b8e0) 
thrown [s\src\hotspot\share\interpreter\linkResolver.cpp, line 759]
Event: 5.958 Thread 0x000002c468330c50 Exception <a 'java/lang/NoSuchMethodError'{0x00000007146f0740}: 'int java.lang.invoke.DirectMethodHandle$Holder.invokeStatic(java.lang.Object)'> (0x00000007146f0740) 
thrown [s\src\hotspot\share\interpreter\linkResolver.cpp, line 759]
Event: 5.958 Thread 0x000002c468330c50 Exception <a 'java/lang/NoSuchMethodError'{0x00000007146f3de8}: 'int java.lang.invoke.DirectMethodHandle$Holder.invokeStaticInit(java.lang.Object)'> (0x00000007146f3de8) 
thrown [s\src\hotspot\share\interpreter\linkResolver.cpp, line 759]
Event: 5.966 Thread 0x000002c468330c50 Exception <a 'java/lang/NoSuchMethodError'{0x000000071471e620}: 'java.lang.Object java.lang.invoke.DirectMethodHandle$Holder.invokeStatic(java.lang.Object, java.lang.Object, int, java.lang.Object, int)'> (0x000000071471e620) 
thrown [s\src\hotspot\share\interpreter\linkResolver.cpp, line 759]
Event: 5.967 Thread 0x000002c468330c50 Exception <a 'java/lang/NoSuchMethodError'{0x0000000714725950}: 'java.lang.Object java.lang.invoke.DirectMethodHandle$Holder.newInvokeSpecial(java.lang.Object, java.lang.Object, int)'> (0x0000000714725950) 
thrown [s\src\hotspot\share\interpreter\linkResolver.cpp, line 759]
Event: 5.977 Thread 0x000002c468330c50 Exception <a 'java/lang/NoSuchMethodError'{0x0000000714758238}: 'void java.lang.invoke.DirectMethodHandle$Holder.invokeSpecial(java.lang.Object, java.lang.Object, java.lang.Object)'> (0x0000000714758238) 
thrown [s\src\hotspot\share\interpreter\linkResolver.cpp, line 759]

VM Operations (14 events):
Event: 1.316 Executing VM operation: Cleanup
Event: 1.347 Executing VM operation: Cleanup done
Event: 2.348 Executing VM operation: Cleanup
Event: 2.348 Executing VM operation: Cleanup done
Event: 3.357 Executing VM operation: Cleanup
Event: 3.452 Executing VM operation: Cleanup done
Event: 3.462 Executing VM operation: HandshakeAllThreads
Event: 3.462 Executing VM operation: HandshakeAllThreads done
Event: 3.786 Executing VM operation: G1CollectForAllocation
Event: 4.284 Executing VM operation: G1CollectForAllocation done
Event: 4.552 Executing VM operation: HandshakeAllThreads
Event: 4.552 Executing VM operation: HandshakeAllThreads done
Event: 5.446 Executing VM operation: G1CollectForAllocation
Event: 5.450 Executing VM operation: G1CollectForAllocation done

Memory protections (0 events):
No events

Nmethod flushes (0 events):
No events

Events (16 events):
Event: 0.167 Thread 0x000002c468330c50 Thread added: 0x000002c468330c50
Event: 0.312 Thread 0x000002c468330c50 Thread added: 0x000002c40a94e9a0
Event: 0.312 Thread 0x000002c468330c50 Thread added: 0x000002c40a94f820
Event: 0.493 Thread 0x000002c468330c50 Thread added: 0x000002c40a965f00
Event: 0.493 Thread 0x000002c468330c50 Thread added: 0x000002c40a967d90
Event: 0.493 Thread 0x000002c468330c50 Thread added: 0x000002c40a96b870
Event: 0.494 Thread 0x000002c468330c50 Thread added: 0x000002c40a96c230
Event: 0.494 Thread 0x000002c468330c50 Thread added: 0x000002c40a96cf20
Event: 0.596 Thread 0x000002c468330c50 Thread added: 0x000002c40a97e070
Event: 0.672 Thread 0x000002c468330c50 Thread added: 0x000002c40a97e590
Event: 0.891 Thread 0x000002c468330c50 Thread added: 0x000002c40aa3f2b0
Event: 0.897 Thread 0x000002c468330c50 Thread added: 0x000002c40aa43950
Event: 1.286 Thread 0x000002c40a96cf20 Thread added: 0x000002c40ab02f70
Event: 1.577 Thread 0x000002c40ab02f70 Thread exited: 0x000002c40ab02f70
Event: 3.130 Thread 0x000002c40a96cf20 Thread added: 0x000002c40ac3afc0
Event: 3.320 Thread 0x000002c40ac3afc0 Thread exited: 0x000002c40ac3afc0


Dynamic libraries:
0x00007ff6ad5e0000 - 0x00007ff6ad5ee000 	C:\Program Files\Microsoft\jdk-17.0.16.8-hotspot\bin\java.exe
0x00007ffc82730000 - 0x00007ffc82928000 	C:\WINDOWS\SYSTEM32\ntdll.dll
0x00007ffc825e0000 - 0x00007ffc826a2000 	C:\WINDOWS\System32\KERNEL32.DLL
0x00007ffc801a0000 - 0x00007ffc80496000 	C:\WINDOWS\System32\KERNELBASE.dll
0x00007ffc800a0000 - 0x00007ffc801a0000 	C:\WINDOWS\System32\ucrtbase.dll
0x00007ffc7b950000 - 0x00007ffc7b968000 	C:\Program Files\Microsoft\jdk-17.0.16.8-hotspot\bin\jli.dll
0x00007ffc81070000 - 0x00007ffc8120d000 	C:\WINDOWS\System32\USER32.dll
0x00007ffc7fe50000 - 0x00007ffc7fe72000 	C:\WINDOWS\System32\win32u.dll
0x00007ffc823b0000 - 0x00007ffc823db000 	C:\WINDOWS\System32\GDI32.dll
0x00007ffc7ff30000 - 0x00007ffc80049000 	C:\WINDOWS\System32\gdi32full.dll
0x00007ffc806c0000 - 0x00007ffc8075d000 	C:\WINDOWS\System32\msvcp_win.dll
0x00007ffc7b9c0000 - 0x00007ffc7b9de000 	C:\Program Files\Microsoft\jdk-17.0.16.8-hotspot\bin\VCRUNTIME140.dll
0x00007ffc6c280000 - 0x00007ffc6c51b000 	C:\WINDOWS\WinSxS\amd64_microsoft.windows.common-controls_6595b64144ccf1df_6.0.19041.6280_none_60bc30a171f2f3f3\COMCTL32.dll
0x00007ffc80b50000 - 0x00007ffc80bee000 	C:\WINDOWS\System32\msvcrt.dll
0x00007ffc826b0000 - 0x00007ffc826df000 	C:\WINDOWS\System32\IMM32.DLL
0x00007ffc7b9b0000 - 0x00007ffc7b9bc000 	C:\Program Files\Microsoft\jdk-17.0.16.8-hotspot\bin\vcruntime140_1.dll
0x00007ffc56db0000 - 0x00007ffc56e39000 	C:\Program Files\Microsoft\jdk-17.0.16.8-hotspot\bin\msvcp140.dll
0x00007ffc064f0000 - 0x00007ffc0716a000 	C:\Program Files\Microsoft\jdk-17.0.16.8-hotspot\bin\server\jvm.dll
0x00007ffc81a50000 - 0x00007ffc81b01000 	C:\WINDOWS\System32\ADVAPI32.dll
0x00007ffc819b0000 - 0x00007ffc81a4f000 	C:\WINDOWS\System32\sechost.dll
0x00007ffc80760000 - 0x00007ffc80880000 	C:\WINDOWS\System32\RPCRT4.dll
0x00007ffc804a0000 - 0x00007ffc804c7000 	C:\WINDOWS\System32\bcrypt.dll
0x00007ffc81320000 - 0x00007ffc8138b000 	C:\WINDOWS\System32\WS2_32.dll
0x00007ffc7f7b0000 - 0x00007ffc7f7fb000 	C:\WINDOWS\SYSTEM32\POWRPROF.dll
0x00007ffc6cc60000 - 0x00007ffc6cc87000 	C:\WINDOWS\SYSTEM32\WINMM.dll
0x00007ffc77780000 - 0x00007ffc7778a000 	C:\WINDOWS\SYSTEM32\VERSION.dll
0x00007ffc7f740000 - 0x00007ffc7f752000 	C:\WINDOWS\SYSTEM32\UMPDC.dll
0x00007ffc7e620000 - 0x00007ffc7e632000 	C:\WINDOWS\SYSTEM32\kernel.appcore.dll
0x00007ffc7b2b0000 - 0x00007ffc7b2ba000 	C:\Program Files\Microsoft\jdk-17.0.16.8-hotspot\bin\jimage.dll
0x00007ffc7db40000 - 0x00007ffc7dd41000 	C:\WINDOWS\SYSTEM32\DBGHELP.DLL
0x00007ffc6b2c0000 - 0x00007ffc6b2f4000 	C:\WINDOWS\SYSTEM32\dbgcore.DLL
0x00007ffc804d0000 - 0x00007ffc80552000 	C:\WINDOWS\System32\bcryptPrimitives.dll
0x00007ffc6d430000 - 0x00007ffc6d456000 	C:\Program Files\Microsoft\jdk-17.0.16.8-hotspot\bin\java.dll
0x00007ffc33ed0000 - 0x00007ffc33fa6000 	C:\Program Files\Microsoft\jdk-17.0.16.8-hotspot\bin\jsvml.dll
0x00007ffc81c40000 - 0x00007ffc823b0000 	C:\WINDOWS\System32\SHELL32.dll
0x00007ffc7dd50000 - 0x00007ffc7e4f5000 	C:\WINDOWS\SYSTEM32\windows.storage.dll
0x00007ffc80bf0000 - 0x00007ffc80f43000 	C:\WINDOWS\System32\combase.dll
0x00007ffc7f800000 - 0x00007ffc7f82b000 	C:\WINDOWS\SYSTEM32\Wldp.dll
0x00007ffc80960000 - 0x00007ffc80a2d000 	C:\WINDOWS\System32\OLEAUT32.dll
0x00007ffc82470000 - 0x00007ffc8251d000 	C:\WINDOWS\System32\SHCORE.dll
0x00007ffc82580000 - 0x00007ffc825db000 	C:\WINDOWS\System32\shlwapi.dll
0x00007ffc7fd00000 - 0x00007ffc7fd24000 	C:\WINDOWS\SYSTEM32\profapi.dll
0x00007ffc6a9e0000 - 0x00007ffc6a9fb000 	C:\Program Files\Microsoft\jdk-17.0.16.8-hotspot\bin\net.dll
0x00007ffc76b40000 - 0x00007ffc76c4a000 	C:\WINDOWS\SYSTEM32\WINHTTP.dll
0x00007ffc7f490000 - 0x00007ffc7f4fa000 	C:\WINDOWS\system32\mswsock.dll
0x00007ffc69450000 - 0x00007ffc69466000 	C:\Program Files\Microsoft\jdk-17.0.16.8-hotspot\bin\nio.dll
0x00007ffc68ec0000 - 0x00007ffc68ed8000 	C:\Program Files\Microsoft\jdk-17.0.16.8-hotspot\bin\zip.dll

dbghelp: loaded successfully - version: 4.0.5 - missing functions: none
symbol engine: initialized successfully - sym options: 0x614 - pdb path: .;C:\Program Files\Microsoft\jdk-17.0.16.8-hotspot\bin;C:\WINDOWS\SYSTEM32;C:\WINDOWS\WinSxS\amd64_microsoft.windows.common-controls_6595b64144ccf1df_6.0.19041.6280_none_60bc30a171f2f3f3;C:\Program Files\Microsoft\jdk-17.0.16.8-hotspot\bin\server

VM Arguments:
java_command: org.jetbrains.kotlin.cli.jvm.K2JVMCompiler @C:\Users\Admin\Desktop\app\first\node_modules\react-native-safe-area-context\android\build\20250925_3364512500450051319.compiler.options
java_class_path (initial): C:\Users\Admin\.gradle\caches\modules-2\files-2.1\org.jetbrains.kotlin\kotlin-compiler-embeddable\2.1.20\4ef56b3316798316bfac7a0ae443391c9e900ea1\kotlin-compiler-embeddable-2.1.20.jar;C:\Users\Admin\.gradle\caches\modules-2\files-2.1\org.jetbrains.kotlin\kotlin-stdlib\2.1.20\aa8ca79cd50578314f6d1180c47cbe14c0fee567\kotlin-stdlib-2.1.20.jar;C:\Users\Admin\.gradle\caches\modules-2\files-2.1\org.jetbrains.kotlin\kotlin-script-runtime\2.1.20\f7c623d7f7bdb01f5ccd6b437bc0a937fcd7c57e\kotlin-script-runtime-2.1.20.jar;C:\Users\Admin\.gradle\caches\modules-2\files-2.1\org.jetbrains.kotlin\kotlin-reflect\1.6.10\1cbe9c92c12a94eea200d23c2bbaedaf3daf5132\kotlin-reflect-1.6.10.jar;C:\Users\Admin\.gradle\caches\modules-2\files-2.1\org.jetbrains.kotlin\kotlin-daemon-embeddable\2.1.20\95670fce77befd02a70a0bc3abe8ee4533521334\kotlin-daemon-embeddable-2.1.20.jar;C:\Users\Admin\.gradle\caches\modules-2\files-2.1\org.jetbrains.intellij.deps\trove4j\1.0.20200330\3afb14d5f9ceb459d724e907a21145e8ff394f02\trove4j-1.0.20200330.jar;C:\Users\Admin\.gradle\caches\modules-2\files-2.1\org.jetbrains.kotlinx\kotlinx-coroutines-core-jvm\1.8.0\ac1dc37a30a93150b704022f8d895ee1bd3a36b3\kotlinx-coroutines-core-jvm-1.8.0.jar;C:\Users\Admin\.gradle\caches\modules-2\files-2.1\org.jetbrains\annotations\13.0\919f0dfe192fb4e063e7dacadee7f8bb9a2672a9\annotations-13.0.jar
Launcher Type: SUN_STANDARD

[Global flags]
     intx CICompilerCount                          = 3                                         {product} {ergonomic}
     uint ConcGCThreads                            = 1                                         {product} {ergonomic}
     uint G1ConcRefinementThreads                  = 4                                         {product} {ergonomic}
   size_t G1HeapRegionSize                         = 2097152                                   {product} {ergonomic}
    uintx GCDrainStackTargetSize                   = 64                                        {product} {ergonomic}
   size_t InitialHeapSize                          = 264241152                                 {product} {ergonomic}
   size_t MarkStackSize                            = 4194304                                   {product} {ergonomic}
   size_t MaxHeapSize                              = 4211081216                                {product} {ergonomic}
   size_t MaxNewSize                               = 2524971008                                {product} {ergonomic}
   size_t MinHeapDeltaBytes                        = 2097152                                   {product} {ergonomic}
   size_t MinHeapSize                              = 8388608                                   {product} {ergonomic}
    uintx NonNMethodCodeHeapSize                   = 5832780                                {pd product} {ergonomic}
    uintx NonProfiledCodeHeapSize                  = 122912730                              {pd product} {ergonomic}
    uintx ProfiledCodeHeapSize                     = 122912730                              {pd product} {ergonomic}
    uintx ReservedCodeCacheSize                    = 251658240                              {pd product} {ergonomic}
     bool SegmentedCodeCache                       = true                                      {product} {ergonomic}
   size_t SoftMaxHeapSize                          = 4211081216                             {manageable} {ergonomic}
     bool UseCompressedClassPointers               = true                           {product lp64_product} {ergonomic}
     bool UseCompressedOops                        = true                           {product lp64_product} {ergonomic}
     bool UseG1GC                                  = true                                      {product} {ergonomic}
     bool UseLargePagesIndividualAllocation        = false                                  {pd product} {ergonomic}

Logging:
Log output configuration:
 #0: stdout all=warning uptime,level,tags
 #1: stderr all=off uptime,level,tags

Environment Variables:
JAVA_HOME=C:\Program Files\Microsoft\jdk-17.0.16.8-hotspot
PATH=C:\Users\Admin\Desktop\app\first\node_modules\.bin;C:\Users\Admin\Desktop\app\node_modules\.bin;C:\Users\Admin\Desktop\node_modules\.bin;C:\Users\Admin\node_modules\.bin;C:\Users\node_modules\.bin;C:\node_modules\.bin;C:\Users\Admin\AppData\Roaming\npm\node_modules\npm\node_modules\@npmcli\run-script\lib\node-gyp-bin;C:\Program Files\Microsoft\jdk-17.0.16.8-hotspot\bin;C:\Program Files\Common Files\Oracle\Java\javapath;C:\WINDOWS\system32;C:\WINDOWS;C:\WINDOWS\System32\Wbem;C:\WINDOWS\System32\WindowsPowerShell\v1.0\;C:\WINDOWS\System32\OpenSSH\;C:\Program Files\Git\cmd;C:\Program Files\MongoDB\Server\8.0\bin;C:\Program Files\mongosh;C:\xampp\php;C:\composer;C:\Users\Admin\AppData\Local\nvm;C:\nvm4w\nodejs;C:\Program Files\Java\jdk-19\bin;C:\ProgramData\chocolatey\bin;C:\Program Files\nodejs\;C:\Users\Admin\AppData\Local\Android\Sdk\platforms;C:\Users\Admin\AppData\Local\Android\Sdk\build-tools;C:\Users\Admin\AppData\Local\Android\Sdk\emulator;C:\Users\Admin\AppData\Local\Android\Sdk\platform-tools;C:\Users\Admin\AppData\Local\Android\Sdk;C:\Program Files\Microsoft\jdk-17.0.16.8-hotspot\bin;C:\Program Files\MySQL\MySQL Shell 8.0\bin\;C:\Users\Admin\AppData\Local\Microsoft\WindowsApps;C:\Users\Admin\AppData\Local\GitHubDesktop\bin;C:\Program Files\mongosh\;C:\Users\Admin\AppData\Local\Programs\Microsoft VS Code\bin;C:\Users\Admin\AppData\Roaming\Composer\vendor\bin;C:\Users\Admin\AppData\Local\nvm;C:\nvm4w\nodejs;C:\Program Files\Java\jdk-19\bin;C:\Users\Admin\AppData\Roaming\npm;C:\Users\Admin\AppData\Local\Android\Sdk\platform-tools;C:\Users\Admin\AppData\Local\Android\Sdk\emulator;C:\Users\Admin\AppData\Local\Android\Sdk\build-tools;C:\Users\Admin\AppData\Local\Android\Sdk\platforms;C:\Program Files\Microsoft\jdk-17.0.16.8-hotspot\bin;C:\Users\Admin\AppData\Local\Android\Sdk;
USERNAME=Admin
LANG=en_US.UTF-8
OS=Windows_NT
PROCESSOR_IDENTIFIER=Intel64 Family 6 Model 78 Stepping 3, GenuineIntel
TMP=C:\Users\Admin\AppData\Local\Temp
TEMP=C:\Users\Admin\AppData\Local\Temp



Periodic native trim disabled


---------------  S Y S T E M  ---------------

OS:
 Windows 10 , 64 bit Build 19041 (10.0.19041.5915)
OS uptime: 0 days 1:12 hours

CPU: total 4 (initial active 4) (2 cores per cpu, 2 threads per core) family 6 model 78 stepping 3 microcode 0xf0, cx8, cmov, fxsr, ht, mmx, 3dnowpref, sse, sse2, sse3, ssse3, sse4.1, sse4.2, popcnt, lzcnt, tsc, tscinvbit, avx, avx2, aes, erms, clmul, bmi1, bmi2, rtm, adx, fma, vzeroupper, clflush, clflushopt
Processor Information for the first 4 processors :
  Max Mhz: 2501, Current Mhz: 2400, Mhz Limit: 2375

Memory: 4k page, system-wide physical 16058M (1625M free)
TotalPageFile size 18106M (AvailPageFile size 140M)
current process WorkingSet (physical memory assigned to process): 75M, peak: 75M
current process commit charge ("private bytes"): 349M, peak: 349M

vm_info: OpenJDK 64-Bit Server VM (17.0.16+8-LTS) for windows-amd64 JRE (17.0.16+8-LTS), built on Jul 10 2025 00:24:24 by "MicrosoftCorporation" with unknown MS VC++:1944

END.
